2018-03-27 14:23:07,929-INFO-myLogger.py-zzz-日志信息:配置数据{'$phone1': '18301565775', '$phone': '18301565774', '$phone$': 'None', '$init_phone': '18301565773'}
2018-03-27 14:23:07,930-INFO-myLogger.py-zzz-日志信息:替换后的测试数据{'mobilephone':'18301565773','pwd':'123456','regname':''}
2018-03-27 14:23:07,930-INFO-myLogger.py-zzz-日志信息:配置数据{'$phone1': '18301565775', '$phone': '18301565774', '$phone$': 'None', '$init_phone': '18301565773'}
2018-03-27 14:23:07,931-INFO-myLogger.py-zzz-日志信息:替换后的测试数据{'mobilephone':'18301565774','pwd':'123456','regname':'星空'}
2018-03-27 14:23:07,931-INFO-myLogger.py-zzz-日志信息:配置数据{'$phone1': '18301565775', '$phone': '18301565774', '$phone$': 'None', '$init_phone': '18301565773'}
2018-03-27 14:23:07,932-INFO-myLogger.py-zzz-日志信息:配置数据{'$phone1': '18301565775', '$phone': '18301565774', '$phone$': 'None', '$init_phone': '18301565773'}
2018-03-27 14:23:07,933-INFO-myLogger.py-zzz-日志信息:配置数据{'$phone1': '18301565775', '$phone': '18301565774', '$phone$': 'None', '$init_phone': '18301565773'}
2018-03-27 14:23:07,933-INFO-myLogger.py-zzz-日志信息:配置数据{'$phone1': '18301565775', '$phone': '18301565774', '$phone$': 'None', '$init_phone': '18301565773'}
2018-03-27 14:23:07,934-INFO-myLogger.py-zzz-日志信息:替换后的测试数据{'mobilephone':'18301565773','pwd':'123456','regname':''}
2018-03-27 14:23:07,934-INFO-myLogger.py-zzz-日志信息:配置数据{'$phone1': '18301565775', '$phone': '18301565774', '$phone$': 'None', '$init_phone': '18301565773'}
2018-03-27 14:23:07,935-INFO-myLogger.py-zzz-日志信息:替换后的测试数据{'mobilephone':'18301565773','pwd':'123456'}
2018-03-27 14:23:07,936-INFO-myLogger.py-zzz-日志信息:配置数据{'$phone1': '18301565775', '$phone': '18301565774', '$phone$': 'None', '$init_phone': '18301565773'}
2018-03-27 14:23:07,936-INFO-myLogger.py-zzz-日志信息:替换后的测试数据{'mobilephone':'18301565773','pwd':'12345'}
2018-03-27 14:23:07,937-INFO-myLogger.py-zzz-日志信息:配置数据{'$phone1': '18301565775', '$phone': '18301565774', '$phone$': 'None', '$init_phone': '18301565773'}
2018-03-27 14:23:07,937-INFO-myLogger.py-zzz-日志信息:配置数据{'$phone1': '18301565775', '$phone': '18301565774', '$phone$': 'None', '$init_phone': '18301565773'}
2018-03-27 14:23:07,938-INFO-myLogger.py-zzz-日志信息:配置数据{'$phone1': '18301565775', '$phone': '18301565774', '$phone$': 'None', '$init_phone': '18301565773'}
2018-03-27 14:23:07,938-INFO-myLogger.py-zzz-日志信息:替换后的测试数据{'mobilephone':'18301565773','pwd':''}
2018-03-27 14:23:07,939-INFO-myLogger.py-zzz-日志信息:配置数据{'$phone1': '18301565775', '$phone': '18301565774', '$phone$': 'None', '$init_phone': '18301565773'}
2018-03-27 14:23:07,939-INFO-myLogger.py-zzz-日志信息:替换后的测试数据{'mobilephone':'18301565773','amount':'100'}
2018-03-27 14:23:07,940-INFO-myLogger.py-zzz-日志信息:配置数据{'$phone1': '18301565775', '$phone': '18301565774', '$phone$': 'None', '$init_phone': '18301565773'}
2018-03-27 14:23:07,940-INFO-myLogger.py-zzz-日志信息:配置数据{'$phone1': '18301565775', '$phone': '18301565774', '$phone$': 'None', '$init_phone': '18301565773'}
2018-03-27 14:23:07,941-INFO-myLogger.py-zzz-日志信息:替换后的测试数据{'mobilephone':'18301565773','amount':''}
2018-03-27 14:23:07,941-INFO-myLogger.py-zzz-日志信息:配置数据{'$phone1': '18301565775', '$phone': '18301565774', '$phone$': 'None', '$init_phone': '18301565773'}
2018-03-27 14:23:07,942-INFO-myLogger.py-zzz-日志信息:替换后的测试数据{'mobilephone':'18301565773','amount':'0.1'}
2018-03-27 14:23:07,942-INFO-myLogger.py-zzz-日志信息:配置数据{'$phone1': '18301565775', '$phone': '18301565774', '$phone$': 'None', '$init_phone': '18301565773'}
2018-03-27 14:23:07,943-INFO-myLogger.py-zzz-日志信息:替换后的测试数据{'mobilephone':'18301565773','amount':'0.01'}
2018-03-27 14:23:07,944-INFO-myLogger.py-zzz-日志信息:配置数据{'$phone1': '18301565775', '$phone': '18301565774', '$phone$': 'None', '$init_phone': '18301565773'}
2018-03-27 14:23:07,944-INFO-myLogger.py-zzz-日志信息:替换后的测试数据{'mobilephone':'18301565773','amount':'0.001'}
2018-03-27 14:23:07,945-INFO-myLogger.py-zzz-日志信息:配置数据{'$phone1': '18301565775', '$phone': '18301565774', '$phone$': 'None', '$init_phone': '18301565773'}
2018-03-27 14:23:07,945-INFO-myLogger.py-zzz-日志信息:替换后的测试数据{'mobilephone':'18301565773','amount':'-1'}
2018-03-27 14:23:07,946-INFO-myLogger.py-zzz-日志信息:配置数据{'$phone1': '18301565775', '$phone': '18301565774', '$phone$': 'None', '$init_phone': '18301565773'}
2018-03-27 14:23:07,946-INFO-myLogger.py-zzz-日志信息:替换后的测试数据{'mobilephone':'18301565773','amount':'500001'}
2018-03-27 14:23:07,947-INFO-myLogger.py-zzz-日志信息:配置数据{'$phone1': '18301565775', '$phone': '18301565774', '$phone$': 'None', '$init_phone': '18301565773'}
2018-03-27 14:23:07,947-INFO-myLogger.py-zzz-日志信息:替换后的测试数据{'mobilephone':'18301565773','amount':'ss'}
2018-03-27 14:23:07,948-INFO-myLogger.py-zzz-日志信息:配置数据{'$phone1': '18301565775', '$phone': '18301565774', '$phone$': 'None', '$init_phone': '18301565773'}
2018-03-27 14:23:07,948-INFO-myLogger.py-zzz-日志信息:替换后的测试数据{'mobilephone':'18301565773','amount':'100'}
2018-03-27 14:23:07,949-INFO-myLogger.py-zzz-日志信息:配置数据{'$phone1': '18301565775', '$phone': '18301565774', '$phone$': 'None', '$init_phone': '18301565773'}
2018-03-27 14:23:07,950-INFO-myLogger.py-zzz-日志信息:配置数据{'$phone1': '18301565775', '$phone': '18301565774', '$phone$': 'None', '$init_phone': '18301565773'}
2018-03-27 14:23:07,951-INFO-myLogger.py-zzz-日志信息:################################开始执行测试用例#######################
2018-03-27 14:23:07,952-INFO-myLogger.py-zzz-日志信息:接口请求地址：http://120.79.176.157:8080/futureloan/mvc/api/member/register
2018-03-27 14:23:07,953-INFO-myLogger.py-zzz-日志信息:接口请求类型：get
2018-03-27 14:23:07,953-INFO-myLogger.py-zzz-日志信息:接口请求数据：{'mobilephone':'18301565773','pwd':'123456','regname':''}
2018-03-27 14:23:08,082-INFO-myLogger.py-zzz-日志信息:返回状态码：200
2018-03-27 14:23:08,083-INFO-myLogger.py-zzz-日志信息:接口返回数据：
2018-03-27 14:23:08,085-INFO-myLogger.py-zzz-日志信息:{"status":1,"code":"10001","data":null,"msg":"注册成功"}
2018-03-27 14:23:08,086-INFO-myLogger.py-zzz-日志信息:接口请求期望数据：
2018-03-27 14:23:08,087-INFO-myLogger.py-zzz-日志信息:{"status":1,"code":"10001","data":null,"msg":"注册成功"}
2018-03-27 14:23:08,088-INFO-myLogger.py-zzz-日志信息:期望结果与实际结果的比对方式：
2018-03-27 14:23:08,089-INFO-myLogger.py-zzz-日志信息:全职匹配模式
2018-03-27 14:23:08,091-INFO-myLogger.py-zzz-日志信息:结果比对成功，测试通过
2018-03-27 14:23:08,092-INFO-myLogger.py-zzz-日志信息:################################执行测试结束#######################
2018-03-27 14:23:08,093-INFO-myLogger.py-zzz-日志信息:################################开始执行测试用例#######################
2018-03-27 14:23:08,094-INFO-myLogger.py-zzz-日志信息:接口请求地址：http://120.79.176.157:8080/futureloan/mvc/api/member/register
2018-03-27 14:23:08,096-INFO-myLogger.py-zzz-日志信息:接口请求类型：get
2018-03-27 14:23:08,097-INFO-myLogger.py-zzz-日志信息:接口请求数据：{'mobilephone':'18301565774','pwd':'123456','regname':'星空'}
2018-03-27 14:23:08,234-INFO-myLogger.py-zzz-日志信息:返回状态码：200
2018-03-27 14:23:08,235-INFO-myLogger.py-zzz-日志信息:接口返回数据：
2018-03-27 14:23:08,236-INFO-myLogger.py-zzz-日志信息:{"status":1,"code":"10001","data":null,"msg":"注册成功"}
2018-03-27 14:23:08,238-INFO-myLogger.py-zzz-日志信息:接口请求期望数据：
2018-03-27 14:23:08,239-INFO-myLogger.py-zzz-日志信息:{"status":1,"code":"10001","data":null,"msg":"注册成功"}
2018-03-27 14:23:08,240-INFO-myLogger.py-zzz-日志信息:期望结果与实际结果的比对方式：
2018-03-27 14:23:08,242-INFO-myLogger.py-zzz-日志信息:全职匹配模式
2018-03-27 14:23:08,243-INFO-myLogger.py-zzz-日志信息:结果比对成功，测试通过
2018-03-27 14:23:08,244-INFO-myLogger.py-zzz-日志信息:################################执行测试结束#######################
2018-03-27 14:23:08,245-INFO-myLogger.py-zzz-日志信息:################################开始执行测试用例#######################
2018-03-27 14:23:08,247-INFO-myLogger.py-zzz-日志信息:接口请求地址：http://120.79.176.157:8080/futureloan/mvc/api/member/register
2018-03-27 14:23:08,248-INFO-myLogger.py-zzz-日志信息:接口请求类型：get
2018-03-27 14:23:08,249-INFO-myLogger.py-zzz-日志信息:接口请求数据：{'mobilephone':'','pwd':'123456','regname':'星空'}
2018-03-27 14:23:08,379-INFO-myLogger.py-zzz-日志信息:返回状态码：200
2018-03-27 14:23:08,381-INFO-myLogger.py-zzz-日志信息:接口返回数据：
2018-03-27 14:23:08,383-INFO-myLogger.py-zzz-日志信息:{"status":0,"code":"20103","data":null,"msg":"手机号不能为空"}
2018-03-27 14:23:08,384-INFO-myLogger.py-zzz-日志信息:接口请求期望数据：
2018-03-27 14:23:08,386-INFO-myLogger.py-zzz-日志信息:{"status":0,"code":"20103","data":null,"msg":"手机号不能为空"}
2018-03-27 14:23:08,388-INFO-myLogger.py-zzz-日志信息:期望结果与实际结果的比对方式：
2018-03-27 14:23:08,389-INFO-myLogger.py-zzz-日志信息:全职匹配模式
2018-03-27 14:23:08,390-INFO-myLogger.py-zzz-日志信息:结果比对成功，测试通过
2018-03-27 14:23:08,392-INFO-myLogger.py-zzz-日志信息:################################执行测试结束#######################
2018-03-27 14:23:08,393-INFO-myLogger.py-zzz-日志信息:################################开始执行测试用例#######################
2018-03-27 14:23:08,394-INFO-myLogger.py-zzz-日志信息:接口请求地址：http://120.79.176.157:8080/futureloan/mvc/api/member/register
2018-03-27 14:23:08,396-INFO-myLogger.py-zzz-日志信息:接口请求类型：get
2018-03-27 14:23:08,397-INFO-myLogger.py-zzz-日志信息:接口请求数据：{'mobilephone':'123456','pwd':'123456','regname':'星空'}
2018-03-27 14:23:08,512-INFO-myLogger.py-zzz-日志信息:返回状态码：200
2018-03-27 14:23:08,514-INFO-myLogger.py-zzz-日志信息:接口返回数据：
2018-03-27 14:23:08,515-INFO-myLogger.py-zzz-日志信息:{"status":0,"code":"20109","data":null,"msg":"手机号码格式不正确"}
2018-03-27 14:23:08,517-INFO-myLogger.py-zzz-日志信息:接口请求期望数据：
2018-03-27 14:23:08,518-INFO-myLogger.py-zzz-日志信息:{"status":0,"code":"20109","data":null,"msg":"手机号码格式不正确"}
2018-03-27 14:23:08,520-INFO-myLogger.py-zzz-日志信息:期望结果与实际结果的比对方式：
2018-03-27 14:23:08,521-INFO-myLogger.py-zzz-日志信息:全职匹配模式
2018-03-27 14:23:08,523-INFO-myLogger.py-zzz-日志信息:结果比对成功，测试通过
2018-03-27 14:23:08,524-INFO-myLogger.py-zzz-日志信息:################################执行测试结束#######################
2018-03-27 14:23:08,526-INFO-myLogger.py-zzz-日志信息:################################开始执行测试用例#######################
2018-03-27 14:23:08,527-INFO-myLogger.py-zzz-日志信息:接口请求地址：http://120.79.176.157:8080/futureloan/mvc/api/member/register
2018-03-27 14:23:08,529-INFO-myLogger.py-zzz-日志信息:接口请求类型：get
2018-03-27 14:23:08,530-INFO-myLogger.py-zzz-日志信息:接口请求数据：{'mobilephone':'1234567891234567894','pwd':'123456','regname':'星空'}
2018-03-27 14:23:08,660-INFO-myLogger.py-zzz-日志信息:返回状态码：200
2018-03-27 14:23:08,661-INFO-myLogger.py-zzz-日志信息:接口返回数据：
2018-03-27 14:23:08,661-INFO-myLogger.py-zzz-日志信息:{"status":0,"code":"20109","data":null,"msg":"手机号码格式不正确"}
2018-03-27 14:23:08,662-INFO-myLogger.py-zzz-日志信息:接口请求期望数据：
2018-03-27 14:23:08,663-INFO-myLogger.py-zzz-日志信息:{"status":0,"code":"20109","data":null,"msg":"手机号码格式不正确"}
2018-03-27 14:23:08,664-INFO-myLogger.py-zzz-日志信息:期望结果与实际结果的比对方式：
2018-03-27 14:23:08,665-INFO-myLogger.py-zzz-日志信息:全职匹配模式
2018-03-27 14:23:08,665-INFO-myLogger.py-zzz-日志信息:结果比对成功，测试通过
2018-03-27 14:23:08,666-INFO-myLogger.py-zzz-日志信息:################################执行测试结束#######################
2018-03-27 14:23:08,667-INFO-myLogger.py-zzz-日志信息:################################开始执行测试用例#######################
2018-03-27 14:23:08,668-INFO-myLogger.py-zzz-日志信息:接口请求地址：http://120.79.176.157:8080/futureloan/mvc/api/member/register
2018-03-27 14:23:08,668-INFO-myLogger.py-zzz-日志信息:接口请求类型：get
2018-03-27 14:23:08,669-INFO-myLogger.py-zzz-日志信息:接口请求数据：{'mobilephone':'18301565773','pwd':'123456','regname':''}
2018-03-27 14:23:08,792-INFO-myLogger.py-zzz-日志信息:返回状态码：200
2018-03-27 14:23:08,794-INFO-myLogger.py-zzz-日志信息:接口返回数据：
2018-03-27 14:23:08,796-INFO-myLogger.py-zzz-日志信息:{"status":0,"code":"20110","data":null,"msg":"手机号码已被注册"}
2018-03-27 14:23:08,797-INFO-myLogger.py-zzz-日志信息:接口请求期望数据：
2018-03-27 14:23:08,798-INFO-myLogger.py-zzz-日志信息:{"status":0,"code":"20110","data":null,"msg":"手机号码已被注册"}
2018-03-27 14:23:08,800-INFO-myLogger.py-zzz-日志信息:期望结果与实际结果的比对方式：
2018-03-27 14:23:08,802-INFO-myLogger.py-zzz-日志信息:全职匹配模式
2018-03-27 14:23:08,803-INFO-myLogger.py-zzz-日志信息:结果比对成功，测试通过
2018-03-27 14:23:08,805-INFO-myLogger.py-zzz-日志信息:################################执行测试结束#######################
2018-03-27 14:23:08,807-INFO-myLogger.py-zzz-日志信息:################################开始执行测试用例#######################
2018-03-27 14:23:08,808-INFO-myLogger.py-zzz-日志信息:接口请求地址：http://120.79.176.157:8080/futureloan/mvc/api/member/login
2018-03-27 14:23:08,810-INFO-myLogger.py-zzz-日志信息:接口请求类型：get
2018-03-27 14:23:08,811-INFO-myLogger.py-zzz-日志信息:接口请求数据：{'mobilephone':'18301565773','pwd':'123456'}
2018-03-27 14:23:08,920-INFO-myLogger.py-zzz-日志信息:返回状态码：200
2018-03-27 14:23:08,922-INFO-myLogger.py-zzz-日志信息:接口返回数据：
2018-03-27 14:23:08,923-INFO-myLogger.py-zzz-日志信息:{"status":1,"code":"10001","data":null,"msg":"登录成功"}
2018-03-27 14:23:08,925-INFO-myLogger.py-zzz-日志信息:接口请求期望数据：
2018-03-27 14:23:08,926-INFO-myLogger.py-zzz-日志信息:{"status":1,"code":"10001","data":null,"msg":"登录成功"}
2018-03-27 14:23:08,928-INFO-myLogger.py-zzz-日志信息:期望结果与实际结果的比对方式：
2018-03-27 14:23:08,930-INFO-myLogger.py-zzz-日志信息:全职匹配模式
2018-03-27 14:23:08,931-INFO-myLogger.py-zzz-日志信息:结果比对成功，测试通过
2018-03-27 14:23:08,932-INFO-myLogger.py-zzz-日志信息:################################执行测试结束#######################
2018-03-27 14:23:08,934-INFO-myLogger.py-zzz-日志信息:################################开始执行测试用例#######################
2018-03-27 14:23:08,935-INFO-myLogger.py-zzz-日志信息:接口请求地址：http://120.79.176.157:8080/futureloan/mvc/api/member/login
2018-03-27 14:23:08,936-INFO-myLogger.py-zzz-日志信息:接口请求类型：get
2018-03-27 14:23:08,937-INFO-myLogger.py-zzz-日志信息:接口请求数据：{'mobilephone':'18301565773','pwd':'12345'}
2018-03-27 14:23:09,050-INFO-myLogger.py-zzz-日志信息:返回状态码：200
2018-03-27 14:23:09,052-INFO-myLogger.py-zzz-日志信息:接口返回数据：
2018-03-27 14:23:09,053-INFO-myLogger.py-zzz-日志信息:{"status":0,"code":"20111","data":null,"msg":"用户名或密码错误"}
2018-03-27 14:23:09,054-INFO-myLogger.py-zzz-日志信息:接口请求期望数据：
2018-03-27 14:23:09,056-INFO-myLogger.py-zzz-日志信息:{"status":0,"code":"20111","data":null,"msg":"用户名或密码错误"}
2018-03-27 14:23:09,057-INFO-myLogger.py-zzz-日志信息:期望结果与实际结果的比对方式：
2018-03-27 14:23:09,058-INFO-myLogger.py-zzz-日志信息:全职匹配模式
2018-03-27 14:23:09,059-INFO-myLogger.py-zzz-日志信息:结果比对成功，测试通过
2018-03-27 14:23:09,060-INFO-myLogger.py-zzz-日志信息:################################执行测试结束#######################
2018-03-27 14:23:09,062-INFO-myLogger.py-zzz-日志信息:################################开始执行测试用例#######################
2018-03-27 14:23:09,063-INFO-myLogger.py-zzz-日志信息:接口请求地址：http://120.79.176.157:8080/futureloan/mvc/api/member/login
2018-03-27 14:23:09,064-INFO-myLogger.py-zzz-日志信息:接口请求类型：get
2018-03-27 14:23:09,065-INFO-myLogger.py-zzz-日志信息:接口请求数据：{'mobilephone':'18301565560','pwd':'123456'}
2018-03-27 14:23:09,201-INFO-myLogger.py-zzz-日志信息:返回状态码：200
2018-03-27 14:23:09,202-INFO-myLogger.py-zzz-日志信息:接口返回数据：
2018-03-27 14:23:09,203-INFO-myLogger.py-zzz-日志信息:{"status":0,"code":"20111","data":null,"msg":"用户名或密码错误"}
2018-03-27 14:23:09,203-INFO-myLogger.py-zzz-日志信息:接口请求期望数据：
2018-03-27 14:23:09,204-INFO-myLogger.py-zzz-日志信息:{"status":0,"code":"20111","data":null,"msg":"用户名或密码错误"}
2018-03-27 14:23:09,204-INFO-myLogger.py-zzz-日志信息:期望结果与实际结果的比对方式：
2018-03-27 14:23:09,205-INFO-myLogger.py-zzz-日志信息:全职匹配模式
2018-03-27 14:23:09,205-INFO-myLogger.py-zzz-日志信息:结果比对成功，测试通过
2018-03-27 14:23:09,206-INFO-myLogger.py-zzz-日志信息:################################执行测试结束#######################
2018-03-27 14:23:09,206-INFO-myLogger.py-zzz-日志信息:################################开始执行测试用例#######################
2018-03-27 14:23:09,207-INFO-myLogger.py-zzz-日志信息:接口请求地址：http://120.79.176.157:8080/futureloan/mvc/api/member/login
2018-03-27 14:23:09,207-INFO-myLogger.py-zzz-日志信息:接口请求类型：get
2018-03-27 14:23:09,208-INFO-myLogger.py-zzz-日志信息:接口请求数据：{'mobilephone':'','pwd':'123456'}
2018-03-27 14:23:09,315-INFO-myLogger.py-zzz-日志信息:返回状态码：200
2018-03-27 14:23:09,316-INFO-myLogger.py-zzz-日志信息:接口返回数据：
2018-03-27 14:23:09,318-INFO-myLogger.py-zzz-日志信息:{"status":0,"code":"20103","data":null,"msg":"手机号不能为空"}
2018-03-27 14:23:09,319-INFO-myLogger.py-zzz-日志信息:接口请求期望数据：
2018-03-27 14:23:09,320-INFO-myLogger.py-zzz-日志信息:{"status":0,"code":"20103","data":null,"msg":"手机号不能为空"}
2018-03-27 14:23:09,321-INFO-myLogger.py-zzz-日志信息:期望结果与实际结果的比对方式：
2018-03-27 14:23:09,322-INFO-myLogger.py-zzz-日志信息:全职匹配模式
2018-03-27 14:23:09,323-INFO-myLogger.py-zzz-日志信息:结果比对成功，测试通过
2018-03-27 14:23:09,324-INFO-myLogger.py-zzz-日志信息:################################执行测试结束#######################
2018-03-27 14:23:09,325-INFO-myLogger.py-zzz-日志信息:################################开始执行测试用例#######################
2018-03-27 14:23:09,326-INFO-myLogger.py-zzz-日志信息:接口请求地址：http://120.79.176.157:8080/futureloan/mvc/api/member/login
2018-03-27 14:23:09,328-INFO-myLogger.py-zzz-日志信息:接口请求类型：get
2018-03-27 14:23:09,329-INFO-myLogger.py-zzz-日志信息:接口请求数据：{'mobilephone':'18301565773','pwd':''}
2018-03-27 14:23:09,440-INFO-myLogger.py-zzz-日志信息:返回状态码：200
2018-03-27 14:23:09,441-INFO-myLogger.py-zzz-日志信息:接口返回数据：
2018-03-27 14:23:09,442-INFO-myLogger.py-zzz-日志信息:{"status":0,"code":"20103","data":null,"msg":"密码不能为空"}
2018-03-27 14:23:09,443-INFO-myLogger.py-zzz-日志信息:接口请求期望数据：
2018-03-27 14:23:09,444-INFO-myLogger.py-zzz-日志信息:{"status":0,"code":"20103","data":null,"msg":"密码不能为空"}
2018-03-27 14:23:09,445-INFO-myLogger.py-zzz-日志信息:期望结果与实际结果的比对方式：
2018-03-27 14:23:09,446-INFO-myLogger.py-zzz-日志信息:全职匹配模式
2018-03-27 14:23:09,448-INFO-myLogger.py-zzz-日志信息:结果比对成功，测试通过
2018-03-27 14:23:09,449-INFO-myLogger.py-zzz-日志信息:################################执行测试结束#######################
2018-03-27 14:23:09,450-INFO-myLogger.py-zzz-日志信息:################################开始执行测试用例#######################
2018-03-27 14:23:09,451-INFO-myLogger.py-zzz-日志信息:接口请求地址：http://120.79.176.157:8080/futureloan/mvc/api/member/recharge
2018-03-27 14:23:09,452-INFO-myLogger.py-zzz-日志信息:接口请求类型：post
2018-03-27 14:23:09,453-INFO-myLogger.py-zzz-日志信息:接口请求数据：{'mobilephone':'18301565773','amount':'100'}
2018-03-27 14:23:09,577-INFO-myLogger.py-zzz-日志信息:返回状态码：200
2018-03-27 14:23:09,579-INFO-myLogger.py-zzz-日志信息:接口返回数据：
2018-03-27 14:23:09,580-INFO-myLogger.py-zzz-日志信息:{"status":1,"code":"10001","data":{"id":289,"regname":"","pwd":"E10ADC3949BA59ABBE56E057F20F883E","mobilephone":"18301565773","leaveamount":"100.00","type":"1","regtime":"2018-03-27 14:23:08.0"},"msg":"充值成功"}
2018-03-27 14:23:09,581-INFO-myLogger.py-zzz-日志信息:接口请求期望数据：
2018-03-27 14:23:09,582-INFO-myLogger.py-zzz-日志信息:需要从响应结果中提取数据
2018-03-27 14:23:09,584-INFO-myLogger.py-zzz-日志信息:动态获取响应值中的数据
2018-03-27 14:23:09,586-INFO-myLogger.py-zzz-日志信息:289
2018-03-27 14:23:09,587-INFO-myLogger.py-zzz-日志信息:leaveamount":"100.00"
2018-03-27 14:23:09,588-INFO-myLogger.py-zzz-日志信息:期望结果与实际结果的比对方式：
2018-03-27 14:23:09,589-INFO-myLogger.py-zzz-日志信息:部分匹配模式
2018-03-27 14:23:09,590-INFO-myLogger.py-zzz-日志信息:结果比对成功，测试通过
2018-03-27 14:23:09,592-INFO-myLogger.py-zzz-日志信息:################################执行测试结束#######################
2018-03-27 14:23:09,593-INFO-myLogger.py-zzz-日志信息:################################开始执行测试用例#######################
2018-03-27 14:23:09,594-INFO-myLogger.py-zzz-日志信息:接口请求地址：http://120.79.176.157:8080/futureloan/mvc/api/member/recharge
2018-03-27 14:23:09,595-INFO-myLogger.py-zzz-日志信息:接口请求类型：post
2018-03-27 14:23:09,597-INFO-myLogger.py-zzz-日志信息:接口请求数据：{'mobilephone':'123456','amount':'100'}
2018-03-27 14:23:09,711-INFO-myLogger.py-zzz-日志信息:返回状态码：200
2018-03-27 14:23:09,712-INFO-myLogger.py-zzz-日志信息:接口返回数据：
2018-03-27 14:23:09,714-INFO-myLogger.py-zzz-日志信息:{"status":0,"code":"20109","data":null,"msg":"手机号码格式不正确"}
2018-03-27 14:23:09,715-INFO-myLogger.py-zzz-日志信息:接口请求期望数据：
2018-03-27 14:23:09,716-INFO-myLogger.py-zzz-日志信息:{"status":0,"code":"20109","data":null,"msg":"手机号码格式不正确"}
2018-03-27 14:23:09,717-INFO-myLogger.py-zzz-日志信息:期望结果与实际结果的比对方式：
2018-03-27 14:23:09,718-INFO-myLogger.py-zzz-日志信息:全职匹配模式
2018-03-27 14:23:09,719-INFO-myLogger.py-zzz-日志信息:结果比对成功，测试通过
2018-03-27 14:23:09,721-INFO-myLogger.py-zzz-日志信息:################################执行测试结束#######################
2018-03-27 14:23:09,722-INFO-myLogger.py-zzz-日志信息:################################开始执行测试用例#######################
2018-03-27 14:23:09,723-INFO-myLogger.py-zzz-日志信息:接口请求地址：http://120.79.176.157:8080/futureloan/mvc/api/member/recharge
2018-03-27 14:23:09,725-INFO-myLogger.py-zzz-日志信息:接口请求类型：post
2018-03-27 14:23:09,726-INFO-myLogger.py-zzz-日志信息:接口请求数据：{'mobilephone':'18301565773','amount':''}
2018-03-27 14:23:09,832-INFO-myLogger.py-zzz-日志信息:返回状态码：200
2018-03-27 14:23:09,833-INFO-myLogger.py-zzz-日志信息:接口返回数据：
2018-03-27 14:23:09,833-INFO-myLogger.py-zzz-日志信息:{"status":0,"code":"20115","data":null,"msg":"请输入金额"}
2018-03-27 14:23:09,834-INFO-myLogger.py-zzz-日志信息:接口请求期望数据：
2018-03-27 14:23:09,834-INFO-myLogger.py-zzz-日志信息:{"status":0,"code":"20115","data":null,"msg":"请输入金额"}
2018-03-27 14:23:09,835-INFO-myLogger.py-zzz-日志信息:期望结果与实际结果的比对方式：
2018-03-27 14:23:09,835-INFO-myLogger.py-zzz-日志信息:全职匹配模式
2018-03-27 14:23:09,836-INFO-myLogger.py-zzz-日志信息:结果比对成功，测试通过
2018-03-27 14:23:09,836-INFO-myLogger.py-zzz-日志信息:################################执行测试结束#######################
2018-03-27 14:23:09,837-INFO-myLogger.py-zzz-日志信息:################################开始执行测试用例#######################
2018-03-27 14:23:09,837-INFO-myLogger.py-zzz-日志信息:接口请求地址：http://120.79.176.157:8080/futureloan/mvc/api/member/recharge
2018-03-27 14:23:09,838-INFO-myLogger.py-zzz-日志信息:接口请求类型：post
2018-03-27 14:23:09,838-INFO-myLogger.py-zzz-日志信息:接口请求数据：{'mobilephone':'18301565773','amount':'0.1'}
2018-03-27 14:23:09,963-INFO-myLogger.py-zzz-日志信息:返回状态码：200
2018-03-27 14:23:09,965-INFO-myLogger.py-zzz-日志信息:接口返回数据：
2018-03-27 14:23:09,966-INFO-myLogger.py-zzz-日志信息:{"status":1,"code":"10001","data":{"id":289,"regname":"","pwd":"E10ADC3949BA59ABBE56E057F20F883E","mobilephone":"18301565773","leaveamount":"100.10","type":"1","regtime":"2018-03-27 14:23:08.0"},"msg":"充值成功"}
2018-03-27 14:23:09,968-INFO-myLogger.py-zzz-日志信息:接口请求期望数据：
2018-03-27 14:23:09,970-INFO-myLogger.py-zzz-日志信息:leaveamount":"100.10"
2018-03-27 14:23:09,971-INFO-myLogger.py-zzz-日志信息:期望结果与实际结果的比对方式：
2018-03-27 14:23:09,973-INFO-myLogger.py-zzz-日志信息:部分匹配模式
2018-03-27 14:23:09,974-INFO-myLogger.py-zzz-日志信息:结果比对成功，测试通过
2018-03-27 14:23:09,976-INFO-myLogger.py-zzz-日志信息:################################执行测试结束#######################
2018-03-27 14:23:09,977-INFO-myLogger.py-zzz-日志信息:################################开始执行测试用例#######################
2018-03-27 14:23:09,979-INFO-myLogger.py-zzz-日志信息:接口请求地址：http://120.79.176.157:8080/futureloan/mvc/api/member/recharge
2018-03-27 14:23:09,980-INFO-myLogger.py-zzz-日志信息:接口请求类型：post
2018-03-27 14:23:09,981-INFO-myLogger.py-zzz-日志信息:接口请求数据：{'mobilephone':'18301565773','amount':'0.01'}
2018-03-27 14:23:10,112-INFO-myLogger.py-zzz-日志信息:返回状态码：200
2018-03-27 14:23:10,114-INFO-myLogger.py-zzz-日志信息:接口返回数据：
2018-03-27 14:23:10,115-INFO-myLogger.py-zzz-日志信息:{"status":1,"code":"10001","data":{"id":289,"regname":"","pwd":"E10ADC3949BA59ABBE56E057F20F883E","mobilephone":"18301565773","leaveamount":"100.11","type":"1","regtime":"2018-03-27 14:23:08.0"},"msg":"充值成功"}
2018-03-27 14:23:10,116-INFO-myLogger.py-zzz-日志信息:接口请求期望数据：
2018-03-27 14:23:10,117-INFO-myLogger.py-zzz-日志信息:leaveamount":"100.11"
2018-03-27 14:23:10,118-INFO-myLogger.py-zzz-日志信息:期望结果与实际结果的比对方式：
2018-03-27 14:23:10,119-INFO-myLogger.py-zzz-日志信息:部分匹配模式
2018-03-27 14:23:10,120-INFO-myLogger.py-zzz-日志信息:结果比对成功，测试通过
2018-03-27 14:23:10,121-INFO-myLogger.py-zzz-日志信息:################################执行测试结束#######################
2018-03-27 14:23:10,123-INFO-myLogger.py-zzz-日志信息:################################开始执行测试用例#######################
2018-03-27 14:23:10,124-INFO-myLogger.py-zzz-日志信息:接口请求地址：http://120.79.176.157:8080/futureloan/mvc/api/member/recharge
2018-03-27 14:23:10,125-INFO-myLogger.py-zzz-日志信息:接口请求类型：post
2018-03-27 14:23:10,126-INFO-myLogger.py-zzz-日志信息:接口请求数据：{'mobilephone':'18301565773','amount':'0.001'}
2018-03-27 14:23:10,235-INFO-myLogger.py-zzz-日志信息:返回状态码：200
2018-03-27 14:23:10,237-INFO-myLogger.py-zzz-日志信息:接口返回数据：
2018-03-27 14:23:10,238-INFO-myLogger.py-zzz-日志信息:{"status":0,"code":"20116","data":null,"msg":"输入金额的金额小数不能超过两位"}
2018-03-27 14:23:10,240-INFO-myLogger.py-zzz-日志信息:接口请求期望数据：
2018-03-27 14:23:10,242-INFO-myLogger.py-zzz-日志信息:{"status":0,"code":"20116","data":null,"msg":"输入金额的金额小数不能超过两位"}
2018-03-27 14:23:10,243-INFO-myLogger.py-zzz-日志信息:期望结果与实际结果的比对方式：
2018-03-27 14:23:10,245-INFO-myLogger.py-zzz-日志信息:全职匹配模式
2018-03-27 14:23:10,246-INFO-myLogger.py-zzz-日志信息:结果比对成功，测试通过
2018-03-27 14:23:10,248-INFO-myLogger.py-zzz-日志信息:################################执行测试结束#######################
2018-03-27 14:23:10,249-INFO-myLogger.py-zzz-日志信息:################################开始执行测试用例#######################
2018-03-27 14:23:10,250-INFO-myLogger.py-zzz-日志信息:接口请求地址：http://120.79.176.157:8080/futureloan/mvc/api/member/recharge
2018-03-27 14:23:10,251-INFO-myLogger.py-zzz-日志信息:接口请求类型：post
2018-03-27 14:23:10,252-INFO-myLogger.py-zzz-日志信息:接口请求数据：{'mobilephone':'18301565773','amount':'-1'}
2018-03-27 14:23:10,364-INFO-myLogger.py-zzz-日志信息:返回状态码：200
2018-03-27 14:23:10,366-INFO-myLogger.py-zzz-日志信息:接口返回数据：
2018-03-27 14:23:10,367-INFO-myLogger.py-zzz-日志信息:{"status":0,"code":"20117","data":null,"msg":"请输入范围在0到50万之间的正数金额"}
2018-03-27 14:23:10,368-INFO-myLogger.py-zzz-日志信息:接口请求期望数据：
2018-03-27 14:23:10,370-INFO-myLogger.py-zzz-日志信息:{"status":0,"code":"20117","data":null,"msg":"请输入范围在0到50万之间的正数金额"}
2018-03-27 14:23:10,370-INFO-myLogger.py-zzz-日志信息:期望结果与实际结果的比对方式：
2018-03-27 14:23:10,371-INFO-myLogger.py-zzz-日志信息:全职匹配模式
2018-03-27 14:23:10,372-INFO-myLogger.py-zzz-日志信息:结果比对成功，测试通过
2018-03-27 14:23:10,373-INFO-myLogger.py-zzz-日志信息:################################执行测试结束#######################
2018-03-27 14:23:10,374-INFO-myLogger.py-zzz-日志信息:################################开始执行测试用例#######################
2018-03-27 14:23:10,375-INFO-myLogger.py-zzz-日志信息:接口请求地址：http://120.79.176.157:8080/futureloan/mvc/api/member/recharge
2018-03-27 14:23:10,376-INFO-myLogger.py-zzz-日志信息:接口请求类型：post
2018-03-27 14:23:10,377-INFO-myLogger.py-zzz-日志信息:接口请求数据：{'mobilephone':'18301565773','amount':'500001'}
2018-03-27 14:23:10,476-INFO-myLogger.py-zzz-日志信息:返回状态码：200
2018-03-27 14:23:10,477-INFO-myLogger.py-zzz-日志信息:接口返回数据：
2018-03-27 14:23:10,478-INFO-myLogger.py-zzz-日志信息:{"status":0,"code":"20117","data":null,"msg":"请输入范围在0到50万之间的正数金额"}
2018-03-27 14:23:10,480-INFO-myLogger.py-zzz-日志信息:接口请求期望数据：
2018-03-27 14:23:10,481-INFO-myLogger.py-zzz-日志信息:{"status":0,"code":"20117","data":null,"msg":"请输入范围在0到50万之间的正数金额"}
2018-03-27 14:23:10,482-INFO-myLogger.py-zzz-日志信息:期望结果与实际结果的比对方式：
2018-03-27 14:23:10,483-INFO-myLogger.py-zzz-日志信息:全职匹配模式
2018-03-27 14:23:10,484-INFO-myLogger.py-zzz-日志信息:结果比对成功，测试通过
2018-03-27 14:23:10,486-INFO-myLogger.py-zzz-日志信息:################################执行测试结束#######################
2018-03-27 14:23:10,487-INFO-myLogger.py-zzz-日志信息:################################开始执行测试用例#######################
2018-03-27 14:23:10,489-INFO-myLogger.py-zzz-日志信息:接口请求地址：http://120.79.176.157:8080/futureloan/mvc/api/member/recharge
2018-03-27 14:23:10,490-INFO-myLogger.py-zzz-日志信息:接口请求类型：post
2018-03-27 14:23:10,491-INFO-myLogger.py-zzz-日志信息:接口请求数据：{'mobilephone':'18301565773','amount':'ss'}
2018-03-27 14:23:10,600-INFO-myLogger.py-zzz-日志信息:返回状态码：200
2018-03-27 14:23:10,602-INFO-myLogger.py-zzz-日志信息:接口返回数据：
2018-03-27 14:23:10,603-INFO-myLogger.py-zzz-日志信息:{"status":0,"code":"20118","data":null,"msg":"请输入数字"}
2018-03-27 14:23:10,604-INFO-myLogger.py-zzz-日志信息:接口请求期望数据：
2018-03-27 14:23:10,605-INFO-myLogger.py-zzz-日志信息:{"status":0,"code":"20118","data":null,"msg":"请输入数字"}
2018-03-27 14:23:10,607-INFO-myLogger.py-zzz-日志信息:期望结果与实际结果的比对方式：
2018-03-27 14:23:10,608-INFO-myLogger.py-zzz-日志信息:全职匹配模式
2018-03-27 14:23:10,609-INFO-myLogger.py-zzz-日志信息:结果比对成功，测试通过
2018-03-27 14:23:10,611-INFO-myLogger.py-zzz-日志信息:################################执行测试结束#######################
2018-03-27 14:23:10,612-INFO-myLogger.py-zzz-日志信息:################################开始执行测试用例#######################
2018-03-27 14:23:10,614-INFO-myLogger.py-zzz-日志信息:接口请求地址：http://120.79.176.157:8080/futureloan/mvc/api/member/withdraw
2018-03-27 14:23:10,615-INFO-myLogger.py-zzz-日志信息:接口请求类型：post
2018-03-27 14:23:10,616-INFO-myLogger.py-zzz-日志信息:接口请求数据：{'mobilephone':'18301565773','amount':'100'}
2018-03-27 14:23:10,727-INFO-myLogger.py-zzz-日志信息:返回状态码：200
2018-03-27 14:23:10,729-INFO-myLogger.py-zzz-日志信息:接口返回数据：
2018-03-27 14:23:10,730-INFO-myLogger.py-zzz-日志信息:{"status":0,"code":"20102","data":null,"msg":"服务器异常"}
2018-03-27 14:23:10,731-INFO-myLogger.py-zzz-日志信息:接口请求期望数据：
2018-03-27 14:23:10,733-INFO-myLogger.py-zzz-日志信息:{"status":0,"code":"20102","data":null,"msg":"服务器异常"}
2018-03-27 14:23:10,734-INFO-myLogger.py-zzz-日志信息:期望结果与实际结果的比对方式：
2018-03-27 14:23:10,735-INFO-myLogger.py-zzz-日志信息:全职匹配模式
2018-03-27 14:23:10,736-INFO-myLogger.py-zzz-日志信息:结果比对成功，测试通过
2018-03-27 14:23:10,738-INFO-myLogger.py-zzz-日志信息:################################执行测试结束#######################
2018-03-27 14:23:10,739-INFO-myLogger.py-zzz-日志信息:################################开始执行测试用例#######################
2018-03-27 14:23:10,740-INFO-myLogger.py-zzz-日志信息:接口请求地址：http://120.79.176.157:8080/futureloan/mvc/api/member/list
2018-03-27 14:23:10,741-INFO-myLogger.py-zzz-日志信息:接口请求类型：get
2018-03-27 14:23:10,743-INFO-myLogger.py-zzz-日志信息:接口请求数据：None
2018-03-27 14:23:10,956-INFO-myLogger.py-zzz-日志信息:返回状态码：200
2018-03-27 14:23:10,958-INFO-myLogger.py-zzz-日志信息:接口返回数据：
2018-03-27 14:23:10,959-INFO-myLogger.py-zzz-日志信息:{"status":1,"code":"10001","data":[{"id":241,"regname":"xiaojian","pwd":"E807F1FCF82D132F9BB018CA6738A19F","mobilephone":"18612340055","leaveamount":"1201.30","type":"1","regtime":"2018-03-26 17:05:54.0"},{"id":242,"regname":"小蜜蜂","pwd":"E807F1FCF82D132F9BB018CA6738A19F","mobilephone":"18612340054","leaveamount":"0.00","type":"1","regtime":"2018-03-26 21:50:32.0"},{"id":243,"regname":"小蜜蜂","pwd":"E807F1FCF82D132F9BB018CA6738A19F","mobilephone":"18612340057","leaveamount":"0.00","type":"1","regtime":"2018-03-26 21:53:13.0"},{"id":244,"regname":"xiaojian","pwd":"E807F1FCF82D132F9BB018CA6738A19F","mobilephone":"18612340058","leaveamount":"600.65","type":"1","regtime":"2018-03-26 21:53:13.0"},{"id":245,"regname":"test","pwd":"7FAC139AF812AFFD701CA799BAED5C9E","mobilephone":"13955776018","leaveamount":"100.00","type":"1","regtime":"2018-03-26 22:01:17.0"},{"id":246,"regname":"小蜜蜂","pwd":"7FAC139AF812AFFD701CA799BAED5C9E","mobilephone":"13955776019","leaveamount":"0.00","type":"1","regtime":"2018-03-26 22:01:17.0"},{"id":247,"regname":"test","pwd":"7FAC139AF812AFFD701CA799BAED5C9E","mobilephone":"13955776020","leaveamount":"100.00","type":"1","regtime":"2018-03-26 22:02:05.0"},{"id":248,"regname":"小蜜蜂","pwd":"7FAC139AF812AFFD701CA799BAED5C9E","mobilephone":"13955776021","leaveamount":"0.00","type":"1","regtime":"2018-03-26 22:02:05.0"},{"id":249,"regname":"test","pwd":"7FAC139AF812AFFD701CA799BAED5C9E","mobilephone":"13955776022","leaveamount":"100.00","type":"1","regtime":"2018-03-26 22:05:16.0"},{"id":250,"regname":"小蜜蜂","pwd":"7FAC139AF812AFFD701CA799BAED5C9E","mobilephone":"13955776023","leaveamount":"0.00","type":"1","regtime":"2018-03-26 22:05:16.0"},{"id":251,"regname":"test","pwd":"7FAC139AF812AFFD701CA799BAED5C9E","mobilephone":"13955776024","leaveamount":"200.00","type":"1","regtime":"2018-03-26 22:06:51.0"},{"id":252,"regname":"小蜜蜂","pwd":"7FAC139AF812AFFD701CA799BAED5C9E","mobilephone":"13955776025","leaveamount":"0.00","type":"1","regtime":"2018-03-26 22:06:51.0"},{"id":253,"regname":"test","pwd":"7FAC139AF812AFFD701CA799BAED5C9E","mobilephone":"13955776026","leaveamount":"100.00","type":"1","regtime":"2018-03-26 22:07:37.0"},{"id":254,"regname":"小蜜蜂","pwd":"7FAC139AF812AFFD701CA799BAED5C9E","mobilephone":"13955776027","leaveamount":"0.00","type":"1","regtime":"2018-03-26 22:07:37.0"},{"id":255,"regname":"test","pwd":"7FAC139AF812AFFD701CA799BAED5C9E","mobilephone":"13955776028","leaveamount":"1202.40","type":"1","regtime":"2018-03-26 22:09:34.0"},{"id":256,"regname":"小蜜蜂","pwd":"7FAC139AF812AFFD701CA799BAED5C9E","mobilephone":"13955776029","leaveamount":"0.00","type":"1","regtime":"2018-03-26 22:09:34.0"},{"id":257,"regname":"test","pwd":"7FAC139AF812AFFD701CA799BAED5C9E","mobilephone":"13955770000","leaveamount":"300.60","type":"1","regtime":"2018-03-26 22:12:32.0"},{"id":258,"regname":"小蜜蜂","pwd":"7FAC139AF812AFFD701CA799BAED5C9E","mobilephone":"13955770001","leaveamount":"0.00","type":"1","regtime":"2018-03-26 22:12:32.0"},{"id":259,"regname":"test","pwd":"7FAC139AF812AFFD701CA799BAED5C9E","mobilephone":"13955770002","leaveamount":"300.60","type":"1","regtime":"2018-03-26 22:15:13.0"},{"id":260,"regname":"小蜜蜂","pwd":"7FAC139AF812AFFD701CA799BAED5C9E","mobilephone":"13955770003","leaveamount":"0.00","type":"1","regtime":"2018-03-26 22:15:13.0"},{"id":261,"regname":"test","pwd":"7FAC139AF812AFFD701CA799BAED5C9E","mobilephone":"13955770004","leaveamount":"300.60","type":"1","regtime":"2018-03-26 22:16:54.0"},{"id":262,"regname":"小蜜蜂","pwd":"7FAC139AF812AFFD701CA799BAED5C9E","mobilephone":"13955770005","leaveamount":"0.00","type":"1","regtime":"2018-03-26 22:16:54.0"},{"id":263,"regname":"test","pwd":"7FAC139AF812AFFD701CA799BAED5C9E","mobilephone":"13955770006","leaveamount":"300.60","type":"1","regtime":"2018-03-26 22:24:23.0"},{"id":264,"regname":"小蜜蜂","pwd":"7FAC139AF812AFFD701CA799BAED5C9E","mobilephone":"13955770007","leaveamount":"0.00","type":"1","regtime":"2018-03-26 22:24:23.0"},{"id":265,"regname":"test","pwd":"7FAC139AF812AFFD701CA799BAED5C9E","mobilephone":"13955770008","leaveamount":"300.60","type":"1","regtime":"2018-03-26 22:44:52.0"},{"id":266,"regname":"小蜜蜂","pwd":"7FAC139AF812AFFD701CA799BAED5C9E","mobilephone":"13955770009","leaveamount":"0.00","type":"1","regtime":"2018-03-26 22:44:52.0"},{"id":267,"regname":"test","pwd":"7FAC139AF812AFFD701CA799BAED5C9E","mobilephone":"13955770010","leaveamount":"300.60","type":"1","regtime":"2018-03-26 22:45:03.0"},{"id":268,"regname":"小蜜蜂","pwd":"7FAC139AF812AFFD701CA799BAED5C9E","mobilephone":"13955770011","leaveamount":"0.00","type":"1","regtime":"2018-03-26 22:45:03.0"},{"id":269,"regname":"test","pwd":"7FAC139AF812AFFD701CA799BAED5C9E","mobilephone":"13955770012","leaveamount":"300.60","type":"1","regtime":"2018-03-26 22:51:17.0"},{"id":270,"regname":"小蜜蜂","pwd":"7FAC139AF812AFFD701CA799BAED5C9E","mobilephone":"13955770013","leaveamount":"0.00","type":"1","regtime":"2018-03-26 22:51:17.0"},{"id":271,"regname":"jasmine","pwd":"E10ADC3949BA59ABBE56E057F20F883E","mobilephone":"13888888816","leaveamount":"0.00","type":"1","regtime":"2018-03-27 10:08:15.0"},{"id":272,"regname":"小蜜蜂","pwd":"E10ADC3949BA59ABBE56E057F20F883E","mobilephone":"13888888817","leaveamount":"0.00","type":"1","regtime":"2018-03-27 10:08:15.0"},{"id":273,"regname":"Lucky","pwd":"7FAC139AF812AFFD701CA799BAED5C9E","mobilephone":"18571230144","leaveamount":"3000.22","type":"1","regtime":"2018-03-27 10:39:08.0"},{"id":274,"regname":"小蜜蜂","pwd":"7FAC139AF812AFFD701CA799BAED5C9E","mobilephone":"18571230145","leaveamount":"0.00","type":"1","regtime":"2018-03-27 10:39:08.0"},{"id":275,"regname":"Lucky","pwd":"7FAC139AF812AFFD701CA799BAED5C9E","mobilephone":"18571230147","leaveamount":"3000.22","type":"1","regtime":"2018-03-27 10:40:41.0"},{"id":276,"regname":"小蜜蜂","pwd":"7FAC139AF812AFFD701CA799BAED5C9E","mobilephone":"18571230148","leaveamount":"0.00","type":"1","regtime":"2018-03-27 10:40:41.0"},{"id":277,"regname":"小蜜蜂","pwd":"E807F1FCF82D132F9BB018CA6738A19F","mobilephone":"18612340060","leaveamount":"0.00","type":"1","regtime":"2018-03-27 10:40:43.0"},{"id":278,"regname":"xiaojian","pwd":"E807F1FCF82D132F9BB018CA6738A19F","mobilephone":"18612340061","leaveamount":"600.65","type":"1","regtime":"2018-03-27 10:40:43.0"},{"id":279,"regname":"小蜜蜂","pwd":"E807F1FCF82D132F9BB018CA6738A19F","mobilephone":"18612340063","leaveamount":"0.00","type":"1","regtime":"2018-03-27 10:44:41.0"},{"id":280,"regname":"xiaojian","pwd":"E807F1FCF82D132F9BB018CA6738A19F","mobilephone":"18612340064","leaveamount":"600.65","type":"1","regtime":"2018-03-27 10:44:41.0"},{"id":281,"regname":"test","pwd":"7FAC139AF812AFFD701CA799BAED5C9E","mobilephone":"13955770014","leaveamount":"300.60","type":"1","regtime":"2018-03-27 11:33:40.0"},{"id":282,"regname":"小蜜蜂","pwd":"7FAC139AF812AFFD701CA799BAED5C9E","mobilephone":"13955770015","leaveamount":"0.00","type":"1","regtime":"2018-03-27 11:33:40.0"},{"id":283,"regname":"test","pwd":"7FAC139AF812AFFD701CA799BAED5C9E","mobilephone":"13955770020","leaveamount":"300.60","type":"1","regtime":"2018-03-27 11:35:42.0"},{"id":284,"regname":"小蜜蜂","pwd":"7FAC139AF812AFFD701CA799BAED5C9E","mobilephone":"13955770021","leaveamount":"0.00","type":"1","regtime":"2018-03-27 11:35:42.0"},{"id":285,"regname":"test","pwd":"7FAC139AF812AFFD701CA799BAED5C9E","mobilephone":"13955770022","leaveamount":"300.60","type":"1","regtime":"2018-03-27 11:38:08.0"},{"id":286,"regname":"小蜜蜂","pwd":"7FAC139AF812AFFD701CA799BAED5C9E","mobilephone":"13955770023","leaveamount":"0.00","type":"1","regtime":"2018-03-27 11:38:08.0"},{"id":287,"regname":"","pwd":"E10ADC3949BA59ABBE56E057F20F883E","mobilephone":"18301565770","leaveamount":"100.11","type":"1","regtime":"2018-03-27 14:22:12.0"},{"id":288,"regname":"æç©º","pwd":"E10ADC3949BA59ABBE56E057F20F883E","mobilephone":"18301565771","leaveamount":"0.00","type":"1","regtime":"2018-03-27 14:22:12.0"},{"id":289,"regname":"","pwd":"E10ADC3949BA59ABBE56E057F20F883E","mobilephone":"18301565773","leaveamount":"100.11","type":"1","regtime":"2018-03-27 14:23:08.0"},{"id":290,"regname":"æç©º","pwd":"E10ADC3949BA59ABBE56E057F20F883E","mobilephone":"18301565774","leaveamount":"0.00","type":"1","regtime":"2018-03-27 14:23:08.0"}],"msg":"获取用户列表成功"}
2018-03-27 14:23:10,961-INFO-myLogger.py-zzz-日志信息:接口请求期望数据：
2018-03-27 14:23:10,963-INFO-myLogger.py-zzz-日志信息:获取用户列表成功
2018-03-27 14:23:10,964-INFO-myLogger.py-zzz-日志信息:期望结果与实际结果的比对方式：
2018-03-27 14:23:10,966-INFO-myLogger.py-zzz-日志信息:部分匹配模式
2018-03-27 14:23:10,968-INFO-myLogger.py-zzz-日志信息:结果比对成功，测试通过
2018-03-27 14:23:10,969-INFO-myLogger.py-zzz-日志信息:################################执行测试结束#######################
2018-03-27 14:23:10,971-INFO-myLogger.py-zzz-日志信息:################################开始执行测试用例#######################
2018-03-27 14:23:10,972-INFO-myLogger.py-zzz-日志信息:接口请求地址：http://120.79.176.157:8080/futureloan/mvc/api/financelog/getFinanceLogList
2018-03-27 14:23:10,973-INFO-myLogger.py-zzz-日志信息:接口请求类型：post
2018-03-27 14:23:10,974-INFO-myLogger.py-zzz-日志信息:接口请求数据：{'memberId':'$user_id'}
2018-03-27 14:23:10,975-INFO-myLogger.py-zzz-日志信息:动态替换后的请求数据：{'memberId':'289'}
2018-03-27 14:23:11,098-INFO-myLogger.py-zzz-日志信息:返回状态码：200
2018-03-27 14:23:11,100-INFO-myLogger.py-zzz-日志信息:接口返回数据：
2018-03-27 14:23:11,102-INFO-myLogger.py-zzz-日志信息:{"status":1,"code":"10001","data":[],"msg":"获取用户流水记录成功！"}
2018-03-27 14:23:11,103-INFO-myLogger.py-zzz-日志信息:接口请求期望数据：
2018-03-27 14:23:11,105-INFO-myLogger.py-zzz-日志信息:{"status":1,"code":"10001","data":[],"msg":"获取用户流水记录成功！"}
2018-03-27 14:23:11,106-INFO-myLogger.py-zzz-日志信息:期望结果与实际结果的比对方式：
2018-03-27 14:23:11,108-INFO-myLogger.py-zzz-日志信息:全职匹配模式
2018-03-27 14:23:11,109-INFO-myLogger.py-zzz-日志信息:结果比对成功，测试通过
2018-03-27 14:23:11,111-INFO-myLogger.py-zzz-日志信息:################################执行测试结束#######################
2018-03-27 14:23:11,113-INFO-myLogger.py-zzz-日志信息:测试结束修改初始数据
2018-03-27 14:23:11,114-INFO-myLogger.py-zzz-日志信息:配置数据{'$phone1': '18301565775', '$phone': '18301565774', '$phone$': 'None', '$init_phone': '18301565773'}
2018-03-27 14:23:11,116-INFO-myLogger.py-zzz-日志信息:测试结束关闭文件
