2018-03-27 14:21:13,747-INFO-myLogger.py-zzz-日志信息:配置数据{'$init_phone': '18301565764', '$phone': '18301565765', '$phone$': 'None', '$phone1': '18301565766'}
2018-03-27 14:21:13,747-INFO-myLogger.py-zzz-日志信息:替换后的测试数据{'mobilephone':'18301565764','pwd':'123456','regname':''}
2018-03-27 14:21:13,748-INFO-myLogger.py-zzz-日志信息:配置数据{'$init_phone': '18301565764', '$phone': '18301565765', '$phone$': 'None', '$phone1': '18301565766'}
2018-03-27 14:21:13,749-INFO-myLogger.py-zzz-日志信息:替换后的测试数据{'mobilephone':'18301565765','pwd':'123456','regname':'星空'}
2018-03-27 14:21:13,749-INFO-myLogger.py-zzz-日志信息:配置数据{'$init_phone': '18301565764', '$phone': '18301565765', '$phone$': 'None', '$phone1': '18301565766'}
2018-03-27 14:21:13,750-INFO-myLogger.py-zzz-日志信息:配置数据{'$init_phone': '18301565764', '$phone': '18301565765', '$phone$': 'None', '$phone1': '18301565766'}
2018-03-27 14:21:13,751-INFO-myLogger.py-zzz-日志信息:配置数据{'$init_phone': '18301565764', '$phone': '18301565765', '$phone$': 'None', '$phone1': '18301565766'}
2018-03-27 14:21:13,751-INFO-myLogger.py-zzz-日志信息:配置数据{'$init_phone': '18301565764', '$phone': '18301565765', '$phone$': 'None', '$phone1': '18301565766'}
2018-03-27 14:21:13,752-INFO-myLogger.py-zzz-日志信息:替换后的测试数据{'mobilephone':'18301565764','pwd':'123456','regname':''}
2018-03-27 14:21:13,753-INFO-myLogger.py-zzz-日志信息:配置数据{'$init_phone': '18301565764', '$phone': '18301565765', '$phone$': 'None', '$phone1': '18301565766'}
2018-03-27 14:21:13,753-INFO-myLogger.py-zzz-日志信息:替换后的测试数据{'mobilephone':'18301565764','pwd':'123456'}
2018-03-27 14:21:13,754-INFO-myLogger.py-zzz-日志信息:配置数据{'$init_phone': '18301565764', '$phone': '18301565765', '$phone$': 'None', '$phone1': '18301565766'}
2018-03-27 14:21:13,754-INFO-myLogger.py-zzz-日志信息:替换后的测试数据{'mobilephone':'18301565764','pwd':'12345'}
2018-03-27 14:21:13,755-INFO-myLogger.py-zzz-日志信息:配置数据{'$init_phone': '18301565764', '$phone': '18301565765', '$phone$': 'None', '$phone1': '18301565766'}
2018-03-27 14:21:13,755-INFO-myLogger.py-zzz-日志信息:配置数据{'$init_phone': '18301565764', '$phone': '18301565765', '$phone$': 'None', '$phone1': '18301565766'}
2018-03-27 14:21:13,756-INFO-myLogger.py-zzz-日志信息:配置数据{'$init_phone': '18301565764', '$phone': '18301565765', '$phone$': 'None', '$phone1': '18301565766'}
2018-03-27 14:21:13,757-INFO-myLogger.py-zzz-日志信息:替换后的测试数据{'mobilephone':'18301565764','pwd':''}
2018-03-27 14:21:13,757-INFO-myLogger.py-zzz-日志信息:配置数据{'$init_phone': '18301565764', '$phone': '18301565765', '$phone$': 'None', '$phone1': '18301565766'}
2018-03-27 14:21:13,758-INFO-myLogger.py-zzz-日志信息:替换后的测试数据{'mobilephone':'18301565764','amount':'100'}
2018-03-27 14:21:13,758-INFO-myLogger.py-zzz-日志信息:配置数据{'$init_phone': '18301565764', '$phone': '18301565765', '$phone$': 'None', '$phone1': '18301565766'}
2018-03-27 14:21:13,759-INFO-myLogger.py-zzz-日志信息:配置数据{'$init_phone': '18301565764', '$phone': '18301565765', '$phone$': 'None', '$phone1': '18301565766'}
2018-03-27 14:21:13,759-INFO-myLogger.py-zzz-日志信息:替换后的测试数据{'mobilephone':'18301565764','amount':''}
2018-03-27 14:21:13,760-INFO-myLogger.py-zzz-日志信息:配置数据{'$init_phone': '18301565764', '$phone': '18301565765', '$phone$': 'None', '$phone1': '18301565766'}
2018-03-27 14:21:13,760-INFO-myLogger.py-zzz-日志信息:替换后的测试数据{'mobilephone':'18301565764','amount':'0.1'}
2018-03-27 14:21:13,761-INFO-myLogger.py-zzz-日志信息:配置数据{'$init_phone': '18301565764', '$phone': '18301565765', '$phone$': 'None', '$phone1': '18301565766'}
2018-03-27 14:21:13,762-INFO-myLogger.py-zzz-日志信息:替换后的测试数据{'mobilephone':'18301565764','amount':'0.01'}
2018-03-27 14:21:13,762-INFO-myLogger.py-zzz-日志信息:配置数据{'$init_phone': '18301565764', '$phone': '18301565765', '$phone$': 'None', '$phone1': '18301565766'}
2018-03-27 14:21:13,763-INFO-myLogger.py-zzz-日志信息:替换后的测试数据{'mobilephone':'18301565764','amount':'0.001'}
2018-03-27 14:21:13,763-INFO-myLogger.py-zzz-日志信息:配置数据{'$init_phone': '18301565764', '$phone': '18301565765', '$phone$': 'None', '$phone1': '18301565766'}
2018-03-27 14:21:13,764-INFO-myLogger.py-zzz-日志信息:替换后的测试数据{'mobilephone':'18301565764','amount':'-1'}
2018-03-27 14:21:13,764-INFO-myLogger.py-zzz-日志信息:配置数据{'$init_phone': '18301565764', '$phone': '18301565765', '$phone$': 'None', '$phone1': '18301565766'}
2018-03-27 14:21:13,765-INFO-myLogger.py-zzz-日志信息:替换后的测试数据{'mobilephone':'18301565764','amount':'500001'}
2018-03-27 14:21:13,766-INFO-myLogger.py-zzz-日志信息:配置数据{'$init_phone': '18301565764', '$phone': '18301565765', '$phone$': 'None', '$phone1': '18301565766'}
2018-03-27 14:21:13,766-INFO-myLogger.py-zzz-日志信息:替换后的测试数据{'mobilephone':'18301565764','amount':'ss'}
2018-03-27 14:21:13,767-INFO-myLogger.py-zzz-日志信息:配置数据{'$init_phone': '18301565764', '$phone': '18301565765', '$phone$': 'None', '$phone1': '18301565766'}
2018-03-27 14:21:13,767-INFO-myLogger.py-zzz-日志信息:替换后的测试数据{'mobilephone':'18301565764','amount':'100'}
2018-03-27 14:21:13,768-INFO-myLogger.py-zzz-日志信息:配置数据{'$init_phone': '18301565764', '$phone': '18301565765', '$phone$': 'None', '$phone1': '18301565766'}
2018-03-27 14:21:13,768-INFO-myLogger.py-zzz-日志信息:配置数据{'$init_phone': '18301565764', '$phone': '18301565765', '$phone$': 'None', '$phone1': '18301565766'}
2018-03-27 14:21:13,803-INFO-myLogger.py-zzz-日志信息:################################开始执行测试用例#######################
2018-03-27 14:21:13,803-INFO-myLogger.py-zzz-日志信息:接口请求地址：http://120.79.176.157:8080:8080/futureloan/mvc/api/member/register
2018-03-27 14:21:13,804-INFO-myLogger.py-zzz-日志信息:接口请求类型：get
2018-03-27 14:21:13,805-INFO-myLogger.py-zzz-日志信息:接口请求数据：{'mobilephone':'18301565764','pwd':'123456','regname':''}
2018-03-27 14:21:13,808-INFO-myLogger.py-zzz-日志信息:################################执行测试结束#######################
2018-03-27 14:21:14,062-INFO-myLogger.py-zzz-日志信息:################################开始执行测试用例#######################
2018-03-27 14:21:14,063-INFO-myLogger.py-zzz-日志信息:接口请求地址：http://120.79.176.157:8080:8080/futureloan/mvc/api/member/register
2018-03-27 14:21:14,063-INFO-myLogger.py-zzz-日志信息:接口请求类型：get
2018-03-27 14:21:14,064-INFO-myLogger.py-zzz-日志信息:接口请求数据：{'mobilephone':'18301565765','pwd':'123456','regname':'星空'}
2018-03-27 14:21:14,065-INFO-myLogger.py-zzz-日志信息:################################执行测试结束#######################
2018-03-27 14:21:14,194-INFO-myLogger.py-zzz-日志信息:################################开始执行测试用例#######################
2018-03-27 14:21:14,195-INFO-myLogger.py-zzz-日志信息:接口请求地址：http://120.79.176.157:8080:8080/futureloan/mvc/api/member/register
2018-03-27 14:21:14,196-INFO-myLogger.py-zzz-日志信息:接口请求类型：get
2018-03-27 14:21:14,196-INFO-myLogger.py-zzz-日志信息:接口请求数据：{'mobilephone':'','pwd':'123456','regname':'星空'}
2018-03-27 14:21:14,197-INFO-myLogger.py-zzz-日志信息:################################执行测试结束#######################
2018-03-27 14:21:14,322-INFO-myLogger.py-zzz-日志信息:################################开始执行测试用例#######################
2018-03-27 14:21:14,323-INFO-myLogger.py-zzz-日志信息:接口请求地址：http://120.79.176.157:8080:8080/futureloan/mvc/api/member/register
2018-03-27 14:21:14,324-INFO-myLogger.py-zzz-日志信息:接口请求类型：get
2018-03-27 14:21:14,324-INFO-myLogger.py-zzz-日志信息:接口请求数据：{'mobilephone':'123456','pwd':'123456','regname':'星空'}
2018-03-27 14:21:14,325-INFO-myLogger.py-zzz-日志信息:################################执行测试结束#######################
2018-03-27 14:21:14,451-INFO-myLogger.py-zzz-日志信息:################################开始执行测试用例#######################
2018-03-27 14:21:14,451-INFO-myLogger.py-zzz-日志信息:接口请求地址：http://120.79.176.157:8080:8080/futureloan/mvc/api/member/register
2018-03-27 14:21:14,452-INFO-myLogger.py-zzz-日志信息:接口请求类型：get
2018-03-27 14:21:14,453-INFO-myLogger.py-zzz-日志信息:接口请求数据：{'mobilephone':'1234567891234567894','pwd':'123456','regname':'星空'}
2018-03-27 14:21:14,454-INFO-myLogger.py-zzz-日志信息:################################执行测试结束#######################
2018-03-27 14:21:14,578-INFO-myLogger.py-zzz-日志信息:################################开始执行测试用例#######################
2018-03-27 14:21:14,580-INFO-myLogger.py-zzz-日志信息:接口请求地址：http://120.79.176.157:8080:8080/futureloan/mvc/api/member/register
2018-03-27 14:21:14,580-INFO-myLogger.py-zzz-日志信息:接口请求类型：get
2018-03-27 14:21:14,581-INFO-myLogger.py-zzz-日志信息:接口请求数据：{'mobilephone':'18301565764','pwd':'123456','regname':''}
2018-03-27 14:21:14,582-INFO-myLogger.py-zzz-日志信息:################################执行测试结束#######################
2018-03-27 14:21:14,707-INFO-myLogger.py-zzz-日志信息:################################开始执行测试用例#######################
2018-03-27 14:21:14,707-INFO-myLogger.py-zzz-日志信息:接口请求地址：http://120.79.176.157:8080:8080/futureloan/mvc/api/member/login
2018-03-27 14:21:14,708-INFO-myLogger.py-zzz-日志信息:接口请求类型：get
2018-03-27 14:21:14,708-INFO-myLogger.py-zzz-日志信息:接口请求数据：{'mobilephone':'18301565764','pwd':'123456'}
2018-03-27 14:21:14,709-INFO-myLogger.py-zzz-日志信息:################################执行测试结束#######################
2018-03-27 14:21:14,849-INFO-myLogger.py-zzz-日志信息:################################开始执行测试用例#######################
2018-03-27 14:21:14,850-INFO-myLogger.py-zzz-日志信息:接口请求地址：http://120.79.176.157:8080:8080/futureloan/mvc/api/member/login
2018-03-27 14:21:14,851-INFO-myLogger.py-zzz-日志信息:接口请求类型：get
2018-03-27 14:21:14,851-INFO-myLogger.py-zzz-日志信息:接口请求数据：{'mobilephone':'18301565764','pwd':'12345'}
2018-03-27 14:21:14,852-INFO-myLogger.py-zzz-日志信息:################################执行测试结束#######################
2018-03-27 14:21:14,978-INFO-myLogger.py-zzz-日志信息:################################开始执行测试用例#######################
2018-03-27 14:21:14,978-INFO-myLogger.py-zzz-日志信息:接口请求地址：http://120.79.176.157:8080:8080/futureloan/mvc/api/member/login
2018-03-27 14:21:14,979-INFO-myLogger.py-zzz-日志信息:接口请求类型：get
2018-03-27 14:21:14,980-INFO-myLogger.py-zzz-日志信息:接口请求数据：{'mobilephone':'18301565560','pwd':'123456'}
2018-03-27 14:21:14,981-INFO-myLogger.py-zzz-日志信息:################################执行测试结束#######################
2018-03-27 14:21:15,110-INFO-myLogger.py-zzz-日志信息:################################开始执行测试用例#######################
2018-03-27 14:21:15,111-INFO-myLogger.py-zzz-日志信息:接口请求地址：http://120.79.176.157:8080:8080/futureloan/mvc/api/member/login
2018-03-27 14:21:15,112-INFO-myLogger.py-zzz-日志信息:接口请求类型：get
2018-03-27 14:21:15,112-INFO-myLogger.py-zzz-日志信息:接口请求数据：{'mobilephone':'','pwd':'123456'}
2018-03-27 14:21:15,113-INFO-myLogger.py-zzz-日志信息:################################执行测试结束#######################
2018-03-27 14:21:15,244-INFO-myLogger.py-zzz-日志信息:################################开始执行测试用例#######################
2018-03-27 14:21:15,244-INFO-myLogger.py-zzz-日志信息:接口请求地址：http://120.79.176.157:8080:8080/futureloan/mvc/api/member/login
2018-03-27 14:21:15,245-INFO-myLogger.py-zzz-日志信息:接口请求类型：get
2018-03-27 14:21:15,245-INFO-myLogger.py-zzz-日志信息:接口请求数据：{'mobilephone':'18301565764','pwd':''}
2018-03-27 14:21:15,246-INFO-myLogger.py-zzz-日志信息:################################执行测试结束#######################
2018-03-27 14:21:15,377-INFO-myLogger.py-zzz-日志信息:################################开始执行测试用例#######################
2018-03-27 14:21:15,377-INFO-myLogger.py-zzz-日志信息:接口请求地址：http://120.79.176.157:8080:8080/futureloan/mvc/api/member/recharge
2018-03-27 14:21:15,378-INFO-myLogger.py-zzz-日志信息:接口请求类型：post
2018-03-27 14:21:15,379-INFO-myLogger.py-zzz-日志信息:接口请求数据：{'mobilephone':'18301565764','amount':'100'}
2018-03-27 14:21:15,380-INFO-myLogger.py-zzz-日志信息:################################执行测试结束#######################
2018-03-27 14:21:15,509-INFO-myLogger.py-zzz-日志信息:################################开始执行测试用例#######################
2018-03-27 14:21:15,510-INFO-myLogger.py-zzz-日志信息:接口请求地址：http://120.79.176.157:8080:8080/futureloan/mvc/api/member/recharge
2018-03-27 14:21:15,511-INFO-myLogger.py-zzz-日志信息:接口请求类型：post
2018-03-27 14:21:15,511-INFO-myLogger.py-zzz-日志信息:接口请求数据：{'mobilephone':'123456','amount':'100'}
2018-03-27 14:21:15,512-INFO-myLogger.py-zzz-日志信息:################################执行测试结束#######################
2018-03-27 14:21:15,638-INFO-myLogger.py-zzz-日志信息:################################开始执行测试用例#######################
2018-03-27 14:21:15,638-INFO-myLogger.py-zzz-日志信息:接口请求地址：http://120.79.176.157:8080:8080/futureloan/mvc/api/member/recharge
2018-03-27 14:21:15,639-INFO-myLogger.py-zzz-日志信息:接口请求类型：post
2018-03-27 14:21:15,639-INFO-myLogger.py-zzz-日志信息:接口请求数据：{'mobilephone':'18301565764','amount':''}
2018-03-27 14:21:15,640-INFO-myLogger.py-zzz-日志信息:################################执行测试结束#######################
2018-03-27 14:21:15,786-INFO-myLogger.py-zzz-日志信息:################################开始执行测试用例#######################
2018-03-27 14:21:15,787-INFO-myLogger.py-zzz-日志信息:接口请求地址：http://120.79.176.157:8080:8080/futureloan/mvc/api/member/recharge
2018-03-27 14:21:15,788-INFO-myLogger.py-zzz-日志信息:接口请求类型：post
2018-03-27 14:21:15,788-INFO-myLogger.py-zzz-日志信息:接口请求数据：{'mobilephone':'18301565764','amount':'0.1'}
2018-03-27 14:21:15,790-INFO-myLogger.py-zzz-日志信息:################################执行测试结束#######################
2018-03-27 14:21:15,919-INFO-myLogger.py-zzz-日志信息:################################开始执行测试用例#######################
2018-03-27 14:21:15,920-INFO-myLogger.py-zzz-日志信息:接口请求地址：http://120.79.176.157:8080:8080/futureloan/mvc/api/member/recharge
2018-03-27 14:21:15,921-INFO-myLogger.py-zzz-日志信息:接口请求类型：post
2018-03-27 14:21:15,921-INFO-myLogger.py-zzz-日志信息:接口请求数据：{'mobilephone':'18301565764','amount':'0.01'}
2018-03-27 14:21:15,923-INFO-myLogger.py-zzz-日志信息:################################执行测试结束#######################
2018-03-27 14:21:16,051-INFO-myLogger.py-zzz-日志信息:################################开始执行测试用例#######################
2018-03-27 14:21:16,052-INFO-myLogger.py-zzz-日志信息:接口请求地址：http://120.79.176.157:8080:8080/futureloan/mvc/api/member/recharge
2018-03-27 14:21:16,052-INFO-myLogger.py-zzz-日志信息:接口请求类型：post
2018-03-27 14:21:16,053-INFO-myLogger.py-zzz-日志信息:接口请求数据：{'mobilephone':'18301565764','amount':'0.001'}
2018-03-27 14:21:16,054-INFO-myLogger.py-zzz-日志信息:################################执行测试结束#######################
2018-03-27 14:21:16,185-INFO-myLogger.py-zzz-日志信息:################################开始执行测试用例#######################
2018-03-27 14:21:16,186-INFO-myLogger.py-zzz-日志信息:接口请求地址：http://120.79.176.157:8080:8080/futureloan/mvc/api/member/recharge
2018-03-27 14:21:16,187-INFO-myLogger.py-zzz-日志信息:接口请求类型：post
2018-03-27 14:21:16,187-INFO-myLogger.py-zzz-日志信息:接口请求数据：{'mobilephone':'18301565764','amount':'-1'}
2018-03-27 14:21:16,188-INFO-myLogger.py-zzz-日志信息:################################执行测试结束#######################
2018-03-27 14:21:16,313-INFO-myLogger.py-zzz-日志信息:################################开始执行测试用例#######################
2018-03-27 14:21:16,314-INFO-myLogger.py-zzz-日志信息:接口请求地址：http://120.79.176.157:8080:8080/futureloan/mvc/api/member/recharge
2018-03-27 14:21:16,314-INFO-myLogger.py-zzz-日志信息:接口请求类型：post
2018-03-27 14:21:16,315-INFO-myLogger.py-zzz-日志信息:接口请求数据：{'mobilephone':'18301565764','amount':'500001'}
2018-03-27 14:21:16,316-INFO-myLogger.py-zzz-日志信息:################################执行测试结束#######################
2018-03-27 14:21:16,441-INFO-myLogger.py-zzz-日志信息:################################开始执行测试用例#######################
2018-03-27 14:21:16,441-INFO-myLogger.py-zzz-日志信息:接口请求地址：http://120.79.176.157:8080:8080/futureloan/mvc/api/member/recharge
2018-03-27 14:21:16,442-INFO-myLogger.py-zzz-日志信息:接口请求类型：post
2018-03-27 14:21:16,442-INFO-myLogger.py-zzz-日志信息:接口请求数据：{'mobilephone':'18301565764','amount':'ss'}
2018-03-27 14:21:16,443-INFO-myLogger.py-zzz-日志信息:################################执行测试结束#######################
2018-03-27 14:21:16,578-INFO-myLogger.py-zzz-日志信息:################################开始执行测试用例#######################
2018-03-27 14:21:16,579-INFO-myLogger.py-zzz-日志信息:接口请求地址：http://120.79.176.157:8080:8080/futureloan/mvc/api/member/withdraw
2018-03-27 14:21:16,580-INFO-myLogger.py-zzz-日志信息:接口请求类型：post
2018-03-27 14:21:16,580-INFO-myLogger.py-zzz-日志信息:接口请求数据：{'mobilephone':'18301565764','amount':'100'}
2018-03-27 14:21:16,581-INFO-myLogger.py-zzz-日志信息:################################执行测试结束#######################
2018-03-27 14:21:16,727-INFO-myLogger.py-zzz-日志信息:################################开始执行测试用例#######################
2018-03-27 14:21:16,727-INFO-myLogger.py-zzz-日志信息:接口请求地址：http://120.79.176.157:8080:8080/futureloan/mvc/api/member/list
2018-03-27 14:21:16,728-INFO-myLogger.py-zzz-日志信息:接口请求类型：get
2018-03-27 14:21:16,728-INFO-myLogger.py-zzz-日志信息:接口请求数据：None
2018-03-27 14:21:16,729-INFO-myLogger.py-zzz-日志信息:################################执行测试结束#######################
2018-03-27 14:21:16,859-INFO-myLogger.py-zzz-日志信息:################################开始执行测试用例#######################
2018-03-27 14:21:16,860-INFO-myLogger.py-zzz-日志信息:接口请求地址：http://120.79.176.157:8080:8080/futureloan/mvc/api/financelog/getFinanceLogList
2018-03-27 14:21:16,861-INFO-myLogger.py-zzz-日志信息:接口请求类型：post
2018-03-27 14:21:16,861-INFO-myLogger.py-zzz-日志信息:接口请求数据：{'memberId':'$user_id'}
2018-03-27 14:21:16,862-INFO-myLogger.py-zzz-日志信息:################################执行测试结束#######################
2018-03-27 14:21:16,986-INFO-myLogger.py-zzz-日志信息:测试结束修改初始数据
2018-03-27 14:21:16,987-INFO-myLogger.py-zzz-日志信息:配置数据{'$init_phone': '18301565764', '$phone': '18301565765', '$phone$': 'None', '$phone1': '18301565766'}
2018-03-27 14:21:16,988-INFO-myLogger.py-zzz-日志信息:测试结束关闭文件
