2018-03-27 14:22:11,966-INFO-myLogger.py-zzz-日志信息:配置数据{'$init_phone': '18301565770', '$phone1': '18301565772', '$phone$': 'None', '$phone': '18301565771'}
2018-03-27 14:22:11,967-INFO-myLogger.py-zzz-日志信息:替换后的测试数据{'mobilephone':'18301565770','pwd':'123456','regname':''}
2018-03-27 14:22:11,968-INFO-myLogger.py-zzz-日志信息:配置数据{'$init_phone': '18301565770', '$phone1': '18301565772', '$phone$': 'None', '$phone': '18301565771'}
2018-03-27 14:22:11,968-INFO-myLogger.py-zzz-日志信息:替换后的测试数据{'mobilephone':'18301565771','pwd':'123456','regname':'星空'}
2018-03-27 14:22:11,969-INFO-myLogger.py-zzz-日志信息:配置数据{'$init_phone': '18301565770', '$phone1': '18301565772', '$phone$': 'None', '$phone': '18301565771'}
2018-03-27 14:22:11,969-INFO-myLogger.py-zzz-日志信息:配置数据{'$init_phone': '18301565770', '$phone1': '18301565772', '$phone$': 'None', '$phone': '18301565771'}
2018-03-27 14:22:11,970-INFO-myLogger.py-zzz-日志信息:配置数据{'$init_phone': '18301565770', '$phone1': '18301565772', '$phone$': 'None', '$phone': '18301565771'}
2018-03-27 14:22:11,971-INFO-myLogger.py-zzz-日志信息:配置数据{'$init_phone': '18301565770', '$phone1': '18301565772', '$phone$': 'None', '$phone': '18301565771'}
2018-03-27 14:22:11,971-INFO-myLogger.py-zzz-日志信息:替换后的测试数据{'mobilephone':'18301565770','pwd':'123456','regname':''}
2018-03-27 14:22:11,972-INFO-myLogger.py-zzz-日志信息:配置数据{'$init_phone': '18301565770', '$phone1': '18301565772', '$phone$': 'None', '$phone': '18301565771'}
2018-03-27 14:22:11,973-INFO-myLogger.py-zzz-日志信息:替换后的测试数据{'mobilephone':'18301565770','pwd':'123456'}
2018-03-27 14:22:11,973-INFO-myLogger.py-zzz-日志信息:配置数据{'$init_phone': '18301565770', '$phone1': '18301565772', '$phone$': 'None', '$phone': '18301565771'}
2018-03-27 14:22:11,974-INFO-myLogger.py-zzz-日志信息:替换后的测试数据{'mobilephone':'18301565770','pwd':'12345'}
2018-03-27 14:22:11,974-INFO-myLogger.py-zzz-日志信息:配置数据{'$init_phone': '18301565770', '$phone1': '18301565772', '$phone$': 'None', '$phone': '18301565771'}
2018-03-27 14:22:11,975-INFO-myLogger.py-zzz-日志信息:配置数据{'$init_phone': '18301565770', '$phone1': '18301565772', '$phone$': 'None', '$phone': '18301565771'}
2018-03-27 14:22:11,975-INFO-myLogger.py-zzz-日志信息:配置数据{'$init_phone': '18301565770', '$phone1': '18301565772', '$phone$': 'None', '$phone': '18301565771'}
2018-03-27 14:22:11,976-INFO-myLogger.py-zzz-日志信息:替换后的测试数据{'mobilephone':'18301565770','pwd':''}
2018-03-27 14:22:11,977-INFO-myLogger.py-zzz-日志信息:配置数据{'$init_phone': '18301565770', '$phone1': '18301565772', '$phone$': 'None', '$phone': '18301565771'}
2018-03-27 14:22:11,977-INFO-myLogger.py-zzz-日志信息:替换后的测试数据{'mobilephone':'18301565770','amount':'100'}
2018-03-27 14:22:11,978-INFO-myLogger.py-zzz-日志信息:配置数据{'$init_phone': '18301565770', '$phone1': '18301565772', '$phone$': 'None', '$phone': '18301565771'}
2018-03-27 14:22:11,978-INFO-myLogger.py-zzz-日志信息:配置数据{'$init_phone': '18301565770', '$phone1': '18301565772', '$phone$': 'None', '$phone': '18301565771'}
2018-03-27 14:22:11,979-INFO-myLogger.py-zzz-日志信息:替换后的测试数据{'mobilephone':'18301565770','amount':''}
2018-03-27 14:22:11,979-INFO-myLogger.py-zzz-日志信息:配置数据{'$init_phone': '18301565770', '$phone1': '18301565772', '$phone$': 'None', '$phone': '18301565771'}
2018-03-27 14:22:11,980-INFO-myLogger.py-zzz-日志信息:替换后的测试数据{'mobilephone':'18301565770','amount':'0.1'}
2018-03-27 14:22:11,980-INFO-myLogger.py-zzz-日志信息:配置数据{'$init_phone': '18301565770', '$phone1': '18301565772', '$phone$': 'None', '$phone': '18301565771'}
2018-03-27 14:22:11,981-INFO-myLogger.py-zzz-日志信息:替换后的测试数据{'mobilephone':'18301565770','amount':'0.01'}
2018-03-27 14:22:11,981-INFO-myLogger.py-zzz-日志信息:配置数据{'$init_phone': '18301565770', '$phone1': '18301565772', '$phone$': 'None', '$phone': '18301565771'}
2018-03-27 14:22:11,982-INFO-myLogger.py-zzz-日志信息:替换后的测试数据{'mobilephone':'18301565770','amount':'0.001'}
2018-03-27 14:22:11,982-INFO-myLogger.py-zzz-日志信息:配置数据{'$init_phone': '18301565770', '$phone1': '18301565772', '$phone$': 'None', '$phone': '18301565771'}
2018-03-27 14:22:11,983-INFO-myLogger.py-zzz-日志信息:替换后的测试数据{'mobilephone':'18301565770','amount':'-1'}
2018-03-27 14:22:11,983-INFO-myLogger.py-zzz-日志信息:配置数据{'$init_phone': '18301565770', '$phone1': '18301565772', '$phone$': 'None', '$phone': '18301565771'}
2018-03-27 14:22:11,984-INFO-myLogger.py-zzz-日志信息:替换后的测试数据{'mobilephone':'18301565770','amount':'500001'}
2018-03-27 14:22:11,984-INFO-myLogger.py-zzz-日志信息:配置数据{'$init_phone': '18301565770', '$phone1': '18301565772', '$phone$': 'None', '$phone': '18301565771'}
2018-03-27 14:22:11,985-INFO-myLogger.py-zzz-日志信息:替换后的测试数据{'mobilephone':'18301565770','amount':'ss'}
2018-03-27 14:22:11,985-INFO-myLogger.py-zzz-日志信息:配置数据{'$init_phone': '18301565770', '$phone1': '18301565772', '$phone$': 'None', '$phone': '18301565771'}
2018-03-27 14:22:11,986-INFO-myLogger.py-zzz-日志信息:替换后的测试数据{'mobilephone':'18301565770','amount':'100'}
2018-03-27 14:22:11,987-INFO-myLogger.py-zzz-日志信息:配置数据{'$init_phone': '18301565770', '$phone1': '18301565772', '$phone$': 'None', '$phone': '18301565771'}
2018-03-27 14:22:11,987-INFO-myLogger.py-zzz-日志信息:配置数据{'$init_phone': '18301565770', '$phone1': '18301565772', '$phone$': 'None', '$phone': '18301565771'}
2018-03-27 14:22:12,022-INFO-myLogger.py-zzz-日志信息:################################开始执行测试用例#######################
2018-03-27 14:22:12,023-INFO-myLogger.py-zzz-日志信息:接口请求地址：http://120.79.176.157:8080/futureloan/mvc/api/member/register
2018-03-27 14:22:12,023-INFO-myLogger.py-zzz-日志信息:接口请求类型：get
2018-03-27 14:22:12,024-INFO-myLogger.py-zzz-日志信息:接口请求数据：{'mobilephone':'18301565770','pwd':'123456','regname':''}
2018-03-27 14:22:12,183-INFO-myLogger.py-zzz-日志信息:返回状态码：200
2018-03-27 14:22:12,185-INFO-myLogger.py-zzz-日志信息:接口返回数据：
2018-03-27 14:22:12,186-INFO-myLogger.py-zzz-日志信息:{"status":1,"code":"10001","data":null,"msg":"注册成功"}
2018-03-27 14:22:12,188-INFO-myLogger.py-zzz-日志信息:接口请求期望数据：
2018-03-27 14:22:12,190-INFO-myLogger.py-zzz-日志信息:{"status":1,"code":"10001","data":null,"msg":"注册成功"}
2018-03-27 14:22:12,191-INFO-myLogger.py-zzz-日志信息:期望结果与实际结果的比对方式：
2018-03-27 14:22:12,193-INFO-myLogger.py-zzz-日志信息:全职匹配模式
2018-03-27 14:22:12,195-INFO-myLogger.py-zzz-日志信息:结果比对成功，测试通过
2018-03-27 14:22:12,196-INFO-myLogger.py-zzz-日志信息:################################执行测试结束#######################
2018-03-27 14:22:12,201-INFO-myLogger.py-zzz-日志信息:################################开始执行测试用例#######################
2018-03-27 14:22:12,202-INFO-myLogger.py-zzz-日志信息:接口请求地址：http://120.79.176.157:8080/futureloan/mvc/api/member/register
2018-03-27 14:22:12,203-INFO-myLogger.py-zzz-日志信息:接口请求类型：get
2018-03-27 14:22:12,204-INFO-myLogger.py-zzz-日志信息:接口请求数据：{'mobilephone':'18301565771','pwd':'123456','regname':'星空'}
2018-03-27 14:22:12,331-INFO-myLogger.py-zzz-日志信息:返回状态码：200
2018-03-27 14:22:12,333-INFO-myLogger.py-zzz-日志信息:接口返回数据：
2018-03-27 14:22:12,335-INFO-myLogger.py-zzz-日志信息:{"status":1,"code":"10001","data":null,"msg":"注册成功"}
2018-03-27 14:22:12,336-INFO-myLogger.py-zzz-日志信息:接口请求期望数据：
2018-03-27 14:22:12,338-INFO-myLogger.py-zzz-日志信息:{"status":1,"code":"10001","data":null,"msg":"注册成功"}
2018-03-27 14:22:12,340-INFO-myLogger.py-zzz-日志信息:期望结果与实际结果的比对方式：
2018-03-27 14:22:12,341-INFO-myLogger.py-zzz-日志信息:全职匹配模式
2018-03-27 14:22:12,343-INFO-myLogger.py-zzz-日志信息:结果比对成功，测试通过
2018-03-27 14:22:12,345-INFO-myLogger.py-zzz-日志信息:################################执行测试结束#######################
2018-03-27 14:22:12,350-INFO-myLogger.py-zzz-日志信息:################################开始执行测试用例#######################
2018-03-27 14:22:12,351-INFO-myLogger.py-zzz-日志信息:接口请求地址：http://120.79.176.157:8080/futureloan/mvc/api/member/register
2018-03-27 14:22:12,352-INFO-myLogger.py-zzz-日志信息:接口请求类型：get
2018-03-27 14:22:12,352-INFO-myLogger.py-zzz-日志信息:接口请求数据：{'mobilephone':'','pwd':'123456','regname':'星空'}
2018-03-27 14:22:12,455-INFO-myLogger.py-zzz-日志信息:返回状态码：200
2018-03-27 14:22:12,455-INFO-myLogger.py-zzz-日志信息:接口返回数据：
2018-03-27 14:22:12,456-INFO-myLogger.py-zzz-日志信息:{"status":0,"code":"20103","data":null,"msg":"手机号不能为空"}
2018-03-27 14:22:12,457-INFO-myLogger.py-zzz-日志信息:接口请求期望数据：
2018-03-27 14:22:12,457-INFO-myLogger.py-zzz-日志信息:{"status":0,"code":"20103","data":null,"msg":"手机号不能为空"}
2018-03-27 14:22:12,458-INFO-myLogger.py-zzz-日志信息:期望结果与实际结果的比对方式：
2018-03-27 14:22:12,458-INFO-myLogger.py-zzz-日志信息:全职匹配模式
2018-03-27 14:22:12,459-INFO-myLogger.py-zzz-日志信息:结果比对成功，测试通过
2018-03-27 14:22:12,460-INFO-myLogger.py-zzz-日志信息:################################执行测试结束#######################
2018-03-27 14:22:12,462-INFO-myLogger.py-zzz-日志信息:################################开始执行测试用例#######################
2018-03-27 14:22:12,463-INFO-myLogger.py-zzz-日志信息:接口请求地址：http://120.79.176.157:8080/futureloan/mvc/api/member/register
2018-03-27 14:22:12,463-INFO-myLogger.py-zzz-日志信息:接口请求类型：get
2018-03-27 14:22:12,464-INFO-myLogger.py-zzz-日志信息:接口请求数据：{'mobilephone':'123456','pwd':'123456','regname':'星空'}
2018-03-27 14:22:12,603-INFO-myLogger.py-zzz-日志信息:返回状态码：200
2018-03-27 14:22:12,604-INFO-myLogger.py-zzz-日志信息:接口返回数据：
2018-03-27 14:22:12,605-INFO-myLogger.py-zzz-日志信息:{"status":0,"code":"20109","data":null,"msg":"手机号码格式不正确"}
2018-03-27 14:22:12,606-INFO-myLogger.py-zzz-日志信息:接口请求期望数据：
2018-03-27 14:22:12,607-INFO-myLogger.py-zzz-日志信息:{"status":0,"code":"20109","data":null,"msg":"手机号码格式不正确"}
2018-03-27 14:22:12,608-INFO-myLogger.py-zzz-日志信息:期望结果与实际结果的比对方式：
2018-03-27 14:22:12,609-INFO-myLogger.py-zzz-日志信息:全职匹配模式
2018-03-27 14:22:12,610-INFO-myLogger.py-zzz-日志信息:结果比对成功，测试通过
2018-03-27 14:22:12,610-INFO-myLogger.py-zzz-日志信息:################################执行测试结束#######################
2018-03-27 14:22:12,614-INFO-myLogger.py-zzz-日志信息:################################开始执行测试用例#######################
2018-03-27 14:22:12,615-INFO-myLogger.py-zzz-日志信息:接口请求地址：http://120.79.176.157:8080/futureloan/mvc/api/member/register
2018-03-27 14:22:12,616-INFO-myLogger.py-zzz-日志信息:接口请求类型：get
2018-03-27 14:22:12,617-INFO-myLogger.py-zzz-日志信息:接口请求数据：{'mobilephone':'1234567891234567894','pwd':'123456','regname':'星空'}
2018-03-27 14:22:12,738-INFO-myLogger.py-zzz-日志信息:返回状态码：200
2018-03-27 14:22:12,740-INFO-myLogger.py-zzz-日志信息:接口返回数据：
2018-03-27 14:22:12,741-INFO-myLogger.py-zzz-日志信息:{"status":0,"code":"20109","data":null,"msg":"手机号码格式不正确"}
2018-03-27 14:22:12,742-INFO-myLogger.py-zzz-日志信息:接口请求期望数据：
2018-03-27 14:22:12,742-INFO-myLogger.py-zzz-日志信息:{"status":0,"code":"20109","data":null,"msg":"手机号码格式不正确"}
2018-03-27 14:22:12,743-INFO-myLogger.py-zzz-日志信息:期望结果与实际结果的比对方式：
2018-03-27 14:22:12,744-INFO-myLogger.py-zzz-日志信息:全职匹配模式
2018-03-27 14:22:12,745-INFO-myLogger.py-zzz-日志信息:结果比对成功，测试通过
2018-03-27 14:22:12,746-INFO-myLogger.py-zzz-日志信息:################################执行测试结束#######################
2018-03-27 14:22:12,749-INFO-myLogger.py-zzz-日志信息:################################开始执行测试用例#######################
2018-03-27 14:22:12,750-INFO-myLogger.py-zzz-日志信息:接口请求地址：http://120.79.176.157:8080/futureloan/mvc/api/member/register
2018-03-27 14:22:12,751-INFO-myLogger.py-zzz-日志信息:接口请求类型：get
2018-03-27 14:22:12,751-INFO-myLogger.py-zzz-日志信息:接口请求数据：{'mobilephone':'18301565770','pwd':'123456','regname':''}
2018-03-27 14:22:12,870-INFO-myLogger.py-zzz-日志信息:返回状态码：200
2018-03-27 14:22:12,871-INFO-myLogger.py-zzz-日志信息:接口返回数据：
2018-03-27 14:22:12,873-INFO-myLogger.py-zzz-日志信息:{"status":0,"code":"20110","data":null,"msg":"手机号码已被注册"}
2018-03-27 14:22:12,874-INFO-myLogger.py-zzz-日志信息:接口请求期望数据：
2018-03-27 14:22:12,875-INFO-myLogger.py-zzz-日志信息:{"status":0,"code":"20110","data":null,"msg":"手机号码已被注册"}
2018-03-27 14:22:12,877-INFO-myLogger.py-zzz-日志信息:期望结果与实际结果的比对方式：
2018-03-27 14:22:12,878-INFO-myLogger.py-zzz-日志信息:全职匹配模式
2018-03-27 14:22:12,879-INFO-myLogger.py-zzz-日志信息:结果比对成功，测试通过
2018-03-27 14:22:12,881-INFO-myLogger.py-zzz-日志信息:################################执行测试结束#######################
2018-03-27 14:22:12,886-INFO-myLogger.py-zzz-日志信息:################################开始执行测试用例#######################
2018-03-27 14:22:12,887-INFO-myLogger.py-zzz-日志信息:接口请求地址：http://120.79.176.157:8080/futureloan/mvc/api/member/login
2018-03-27 14:22:12,888-INFO-myLogger.py-zzz-日志信息:接口请求类型：get
2018-03-27 14:22:12,890-INFO-myLogger.py-zzz-日志信息:接口请求数据：{'mobilephone':'18301565770','pwd':'123456'}
2018-03-27 14:22:13,003-INFO-myLogger.py-zzz-日志信息:返回状态码：200
2018-03-27 14:22:13,005-INFO-myLogger.py-zzz-日志信息:接口返回数据：
2018-03-27 14:22:13,006-INFO-myLogger.py-zzz-日志信息:{"status":1,"code":"10001","data":null,"msg":"登录成功"}
2018-03-27 14:22:13,008-INFO-myLogger.py-zzz-日志信息:接口请求期望数据：
2018-03-27 14:22:13,009-INFO-myLogger.py-zzz-日志信息:{"status":1,"code":"10001","data":null,"msg":"登录成功"}
2018-03-27 14:22:13,010-INFO-myLogger.py-zzz-日志信息:期望结果与实际结果的比对方式：
2018-03-27 14:22:13,011-INFO-myLogger.py-zzz-日志信息:全职匹配模式
2018-03-27 14:22:13,013-INFO-myLogger.py-zzz-日志信息:结果比对成功，测试通过
2018-03-27 14:22:13,014-INFO-myLogger.py-zzz-日志信息:################################执行测试结束#######################
2018-03-27 14:22:13,020-INFO-myLogger.py-zzz-日志信息:################################开始执行测试用例#######################
2018-03-27 14:22:13,021-INFO-myLogger.py-zzz-日志信息:接口请求地址：http://120.79.176.157:8080/futureloan/mvc/api/member/login
2018-03-27 14:22:13,023-INFO-myLogger.py-zzz-日志信息:接口请求类型：get
2018-03-27 14:22:13,024-INFO-myLogger.py-zzz-日志信息:接口请求数据：{'mobilephone':'18301565770','pwd':'12345'}
2018-03-27 14:22:13,150-INFO-myLogger.py-zzz-日志信息:返回状态码：200
2018-03-27 14:22:13,151-INFO-myLogger.py-zzz-日志信息:接口返回数据：
2018-03-27 14:22:13,152-INFO-myLogger.py-zzz-日志信息:{"status":0,"code":"20111","data":null,"msg":"用户名或密码错误"}
2018-03-27 14:22:13,154-INFO-myLogger.py-zzz-日志信息:接口请求期望数据：
2018-03-27 14:22:13,155-INFO-myLogger.py-zzz-日志信息:{"status":0,"code":"20111","data":null,"msg":"用户名或密码错误"}
2018-03-27 14:22:13,156-INFO-myLogger.py-zzz-日志信息:期望结果与实际结果的比对方式：
2018-03-27 14:22:13,157-INFO-myLogger.py-zzz-日志信息:全职匹配模式
2018-03-27 14:22:13,158-INFO-myLogger.py-zzz-日志信息:结果比对成功，测试通过
2018-03-27 14:22:13,160-INFO-myLogger.py-zzz-日志信息:################################执行测试结束#######################
2018-03-27 14:22:13,165-INFO-myLogger.py-zzz-日志信息:################################开始执行测试用例#######################
2018-03-27 14:22:13,166-INFO-myLogger.py-zzz-日志信息:接口请求地址：http://120.79.176.157:8080/futureloan/mvc/api/member/login
2018-03-27 14:22:13,167-INFO-myLogger.py-zzz-日志信息:接口请求类型：get
2018-03-27 14:22:13,169-INFO-myLogger.py-zzz-日志信息:接口请求数据：{'mobilephone':'18301565560','pwd':'123456'}
2018-03-27 14:22:13,318-INFO-myLogger.py-zzz-日志信息:返回状态码：200
2018-03-27 14:22:13,320-INFO-myLogger.py-zzz-日志信息:接口返回数据：
2018-03-27 14:22:13,322-INFO-myLogger.py-zzz-日志信息:{"status":0,"code":"20111","data":null,"msg":"用户名或密码错误"}
2018-03-27 14:22:13,323-INFO-myLogger.py-zzz-日志信息:接口请求期望数据：
2018-03-27 14:22:13,325-INFO-myLogger.py-zzz-日志信息:{"status":0,"code":"20111","data":null,"msg":"用户名或密码错误"}
2018-03-27 14:22:13,327-INFO-myLogger.py-zzz-日志信息:期望结果与实际结果的比对方式：
2018-03-27 14:22:13,328-INFO-myLogger.py-zzz-日志信息:全职匹配模式
2018-03-27 14:22:13,330-INFO-myLogger.py-zzz-日志信息:结果比对成功，测试通过
2018-03-27 14:22:13,332-INFO-myLogger.py-zzz-日志信息:################################执行测试结束#######################
2018-03-27 14:22:13,338-INFO-myLogger.py-zzz-日志信息:################################开始执行测试用例#######################
2018-03-27 14:22:13,340-INFO-myLogger.py-zzz-日志信息:接口请求地址：http://120.79.176.157:8080/futureloan/mvc/api/member/login
2018-03-27 14:22:13,341-INFO-myLogger.py-zzz-日志信息:接口请求类型：get
2018-03-27 14:22:13,342-INFO-myLogger.py-zzz-日志信息:接口请求数据：{'mobilephone':'','pwd':'123456'}
2018-03-27 14:22:13,481-INFO-myLogger.py-zzz-日志信息:返回状态码：200
2018-03-27 14:22:13,482-INFO-myLogger.py-zzz-日志信息:接口返回数据：
2018-03-27 14:22:13,484-INFO-myLogger.py-zzz-日志信息:{"status":0,"code":"20103","data":null,"msg":"手机号不能为空"}
2018-03-27 14:22:13,485-INFO-myLogger.py-zzz-日志信息:接口请求期望数据：
2018-03-27 14:22:13,486-INFO-myLogger.py-zzz-日志信息:{"status":0,"code":"20103","data":null,"msg":"手机号不能为空"}
2018-03-27 14:22:13,487-INFO-myLogger.py-zzz-日志信息:期望结果与实际结果的比对方式：
2018-03-27 14:22:13,488-INFO-myLogger.py-zzz-日志信息:全职匹配模式
2018-03-27 14:22:13,489-INFO-myLogger.py-zzz-日志信息:结果比对成功，测试通过
2018-03-27 14:22:13,490-INFO-myLogger.py-zzz-日志信息:################################执行测试结束#######################
2018-03-27 14:22:13,494-INFO-myLogger.py-zzz-日志信息:################################开始执行测试用例#######################
2018-03-27 14:22:13,495-INFO-myLogger.py-zzz-日志信息:接口请求地址：http://120.79.176.157:8080/futureloan/mvc/api/member/login
2018-03-27 14:22:13,496-INFO-myLogger.py-zzz-日志信息:接口请求类型：get
2018-03-27 14:22:13,497-INFO-myLogger.py-zzz-日志信息:接口请求数据：{'mobilephone':'18301565770','pwd':''}
2018-03-27 14:22:13,603-INFO-myLogger.py-zzz-日志信息:返回状态码：200
2018-03-27 14:22:13,604-INFO-myLogger.py-zzz-日志信息:接口返回数据：
2018-03-27 14:22:13,604-INFO-myLogger.py-zzz-日志信息:{"status":0,"code":"20103","data":null,"msg":"密码不能为空"}
2018-03-27 14:22:13,605-INFO-myLogger.py-zzz-日志信息:接口请求期望数据：
2018-03-27 14:22:13,606-INFO-myLogger.py-zzz-日志信息:{"status":0,"code":"20103","data":null,"msg":"密码不能为空"}
2018-03-27 14:22:13,606-INFO-myLogger.py-zzz-日志信息:期望结果与实际结果的比对方式：
2018-03-27 14:22:13,607-INFO-myLogger.py-zzz-日志信息:全职匹配模式
2018-03-27 14:22:13,608-INFO-myLogger.py-zzz-日志信息:结果比对成功，测试通过
2018-03-27 14:22:13,608-INFO-myLogger.py-zzz-日志信息:################################执行测试结束#######################
2018-03-27 14:22:13,611-INFO-myLogger.py-zzz-日志信息:################################开始执行测试用例#######################
2018-03-27 14:22:13,612-INFO-myLogger.py-zzz-日志信息:接口请求地址：http://120.79.176.157:8080/futureloan/mvc/api/member/recharge
2018-03-27 14:22:13,612-INFO-myLogger.py-zzz-日志信息:接口请求类型：post
2018-03-27 14:22:13,613-INFO-myLogger.py-zzz-日志信息:接口请求数据：{'mobilephone':'18301565770','amount':'100'}
2018-03-27 14:22:13,757-INFO-myLogger.py-zzz-日志信息:返回状态码：200
2018-03-27 14:22:13,759-INFO-myLogger.py-zzz-日志信息:接口返回数据：
2018-03-27 14:22:13,760-INFO-myLogger.py-zzz-日志信息:{"status":1,"code":"10001","data":{"id":287,"regname":"","pwd":"E10ADC3949BA59ABBE56E057F20F883E","mobilephone":"18301565770","leaveamount":"100.00","type":"1","regtime":"2018-03-27 14:22:12.0"},"msg":"充值成功"}
2018-03-27 14:22:13,762-INFO-myLogger.py-zzz-日志信息:接口请求期望数据：
2018-03-27 14:22:13,763-INFO-myLogger.py-zzz-日志信息:需要从响应结果中提取数据
2018-03-27 14:22:13,765-INFO-myLogger.py-zzz-日志信息:动态获取响应值中的数据
2018-03-27 14:22:13,767-INFO-myLogger.py-zzz-日志信息:287
2018-03-27 14:22:13,768-INFO-myLogger.py-zzz-日志信息:leaveamount":"100.00"
2018-03-27 14:22:13,770-INFO-myLogger.py-zzz-日志信息:期望结果与实际结果的比对方式：
2018-03-27 14:22:13,771-INFO-myLogger.py-zzz-日志信息:部分匹配模式
2018-03-27 14:22:13,772-INFO-myLogger.py-zzz-日志信息:结果比对成功，测试通过
2018-03-27 14:22:13,773-INFO-myLogger.py-zzz-日志信息:################################执行测试结束#######################
2018-03-27 14:22:13,779-INFO-myLogger.py-zzz-日志信息:################################开始执行测试用例#######################
2018-03-27 14:22:13,780-INFO-myLogger.py-zzz-日志信息:接口请求地址：http://120.79.176.157:8080/futureloan/mvc/api/member/recharge
2018-03-27 14:22:13,782-INFO-myLogger.py-zzz-日志信息:接口请求类型：post
2018-03-27 14:22:13,783-INFO-myLogger.py-zzz-日志信息:接口请求数据：{'mobilephone':'123456','amount':'100'}
2018-03-27 14:22:13,906-INFO-myLogger.py-zzz-日志信息:返回状态码：200
2018-03-27 14:22:13,908-INFO-myLogger.py-zzz-日志信息:接口返回数据：
2018-03-27 14:22:13,909-INFO-myLogger.py-zzz-日志信息:{"status":0,"code":"20109","data":null,"msg":"手机号码格式不正确"}
2018-03-27 14:22:13,910-INFO-myLogger.py-zzz-日志信息:接口请求期望数据：
2018-03-27 14:22:13,911-INFO-myLogger.py-zzz-日志信息:{"status":0,"code":"20109","data":null,"msg":"手机号码格式不正确"}
2018-03-27 14:22:13,913-INFO-myLogger.py-zzz-日志信息:期望结果与实际结果的比对方式：
2018-03-27 14:22:13,914-INFO-myLogger.py-zzz-日志信息:全职匹配模式
2018-03-27 14:22:13,915-INFO-myLogger.py-zzz-日志信息:结果比对成功，测试通过
2018-03-27 14:22:13,916-INFO-myLogger.py-zzz-日志信息:################################执行测试结束#######################
2018-03-27 14:22:13,921-INFO-myLogger.py-zzz-日志信息:################################开始执行测试用例#######################
2018-03-27 14:22:13,922-INFO-myLogger.py-zzz-日志信息:接口请求地址：http://120.79.176.157:8080/futureloan/mvc/api/member/recharge
2018-03-27 14:22:13,923-INFO-myLogger.py-zzz-日志信息:接口请求类型：post
2018-03-27 14:22:13,925-INFO-myLogger.py-zzz-日志信息:接口请求数据：{'mobilephone':'18301565770','amount':''}
2018-03-27 14:22:14,048-INFO-myLogger.py-zzz-日志信息:返回状态码：200
2018-03-27 14:22:14,050-INFO-myLogger.py-zzz-日志信息:接口返回数据：
2018-03-27 14:22:14,051-INFO-myLogger.py-zzz-日志信息:{"status":0,"code":"20115","data":null,"msg":"请输入金额"}
2018-03-27 14:22:14,052-INFO-myLogger.py-zzz-日志信息:接口请求期望数据：
2018-03-27 14:22:14,054-INFO-myLogger.py-zzz-日志信息:{"status":0,"code":"20115","data":null,"msg":"请输入金额"}
2018-03-27 14:22:14,055-INFO-myLogger.py-zzz-日志信息:期望结果与实际结果的比对方式：
2018-03-27 14:22:14,056-INFO-myLogger.py-zzz-日志信息:全职匹配模式
2018-03-27 14:22:14,057-INFO-myLogger.py-zzz-日志信息:结果比对成功，测试通过
2018-03-27 14:22:14,059-INFO-myLogger.py-zzz-日志信息:################################执行测试结束#######################
2018-03-27 14:22:14,064-INFO-myLogger.py-zzz-日志信息:################################开始执行测试用例#######################
2018-03-27 14:22:14,065-INFO-myLogger.py-zzz-日志信息:接口请求地址：http://120.79.176.157:8080/futureloan/mvc/api/member/recharge
2018-03-27 14:22:14,067-INFO-myLogger.py-zzz-日志信息:接口请求类型：post
2018-03-27 14:22:14,068-INFO-myLogger.py-zzz-日志信息:接口请求数据：{'mobilephone':'18301565770','amount':'0.1'}
2018-03-27 14:22:14,194-INFO-myLogger.py-zzz-日志信息:返回状态码：200
2018-03-27 14:22:14,196-INFO-myLogger.py-zzz-日志信息:接口返回数据：
2018-03-27 14:22:14,197-INFO-myLogger.py-zzz-日志信息:{"status":1,"code":"10001","data":{"id":287,"regname":"","pwd":"E10ADC3949BA59ABBE56E057F20F883E","mobilephone":"18301565770","leaveamount":"100.10","type":"1","regtime":"2018-03-27 14:22:12.0"},"msg":"充值成功"}
2018-03-27 14:22:14,198-INFO-myLogger.py-zzz-日志信息:接口请求期望数据：
2018-03-27 14:22:14,200-INFO-myLogger.py-zzz-日志信息:leaveamount":"100.10"
2018-03-27 14:22:14,201-INFO-myLogger.py-zzz-日志信息:期望结果与实际结果的比对方式：
2018-03-27 14:22:14,202-INFO-myLogger.py-zzz-日志信息:部分匹配模式
2018-03-27 14:22:14,204-INFO-myLogger.py-zzz-日志信息:结果比对成功，测试通过
2018-03-27 14:22:14,205-INFO-myLogger.py-zzz-日志信息:################################执行测试结束#######################
2018-03-27 14:22:14,210-INFO-myLogger.py-zzz-日志信息:################################开始执行测试用例#######################
2018-03-27 14:22:14,211-INFO-myLogger.py-zzz-日志信息:接口请求地址：http://120.79.176.157:8080/futureloan/mvc/api/member/recharge
2018-03-27 14:22:14,212-INFO-myLogger.py-zzz-日志信息:接口请求类型：post
2018-03-27 14:22:14,213-INFO-myLogger.py-zzz-日志信息:接口请求数据：{'mobilephone':'18301565770','amount':'0.01'}
2018-03-27 14:22:14,344-INFO-myLogger.py-zzz-日志信息:返回状态码：200
2018-03-27 14:22:14,345-INFO-myLogger.py-zzz-日志信息:接口返回数据：
2018-03-27 14:22:14,346-INFO-myLogger.py-zzz-日志信息:{"status":1,"code":"10001","data":{"id":287,"regname":"","pwd":"E10ADC3949BA59ABBE56E057F20F883E","mobilephone":"18301565770","leaveamount":"100.11","type":"1","regtime":"2018-03-27 14:22:12.0"},"msg":"充值成功"}
2018-03-27 14:22:14,347-INFO-myLogger.py-zzz-日志信息:接口请求期望数据：
2018-03-27 14:22:14,348-INFO-myLogger.py-zzz-日志信息:leaveamount":"100.11"
2018-03-27 14:22:14,349-INFO-myLogger.py-zzz-日志信息:期望结果与实际结果的比对方式：
2018-03-27 14:22:14,350-INFO-myLogger.py-zzz-日志信息:部分匹配模式
2018-03-27 14:22:14,352-INFO-myLogger.py-zzz-日志信息:结果比对成功，测试通过
2018-03-27 14:22:14,353-INFO-myLogger.py-zzz-日志信息:################################执行测试结束#######################
2018-03-27 14:22:14,357-INFO-myLogger.py-zzz-日志信息:################################开始执行测试用例#######################
2018-03-27 14:22:14,358-INFO-myLogger.py-zzz-日志信息:接口请求地址：http://120.79.176.157:8080/futureloan/mvc/api/member/recharge
2018-03-27 14:22:14,359-INFO-myLogger.py-zzz-日志信息:接口请求类型：post
2018-03-27 14:22:14,360-INFO-myLogger.py-zzz-日志信息:接口请求数据：{'mobilephone':'18301565770','amount':'0.001'}
2018-03-27 14:22:14,463-INFO-myLogger.py-zzz-日志信息:返回状态码：200
2018-03-27 14:22:14,465-INFO-myLogger.py-zzz-日志信息:接口返回数据：
2018-03-27 14:22:14,466-INFO-myLogger.py-zzz-日志信息:{"status":0,"code":"20116","data":null,"msg":"输入金额的金额小数不能超过两位"}
2018-03-27 14:22:14,467-INFO-myLogger.py-zzz-日志信息:接口请求期望数据：
2018-03-27 14:22:14,468-INFO-myLogger.py-zzz-日志信息:{"status":0,"code":"20116","data":null,"msg":"输入金额的金额小数不能超过两位"}
2018-03-27 14:22:14,469-INFO-myLogger.py-zzz-日志信息:期望结果与实际结果的比对方式：
2018-03-27 14:22:14,470-INFO-myLogger.py-zzz-日志信息:全职匹配模式
2018-03-27 14:22:14,471-INFO-myLogger.py-zzz-日志信息:结果比对成功，测试通过
2018-03-27 14:22:14,472-INFO-myLogger.py-zzz-日志信息:################################执行测试结束#######################
2018-03-27 14:22:14,476-INFO-myLogger.py-zzz-日志信息:################################开始执行测试用例#######################
2018-03-27 14:22:14,477-INFO-myLogger.py-zzz-日志信息:接口请求地址：http://120.79.176.157:8080/futureloan/mvc/api/member/recharge
2018-03-27 14:22:14,478-INFO-myLogger.py-zzz-日志信息:接口请求类型：post
2018-03-27 14:22:14,479-INFO-myLogger.py-zzz-日志信息:接口请求数据：{'mobilephone':'18301565770','amount':'-1'}
2018-03-27 14:22:14,602-INFO-myLogger.py-zzz-日志信息:返回状态码：200
2018-03-27 14:22:14,604-INFO-myLogger.py-zzz-日志信息:接口返回数据：
2018-03-27 14:22:14,605-INFO-myLogger.py-zzz-日志信息:{"status":0,"code":"20117","data":null,"msg":"请输入范围在0到50万之间的正数金额"}
2018-03-27 14:22:14,607-INFO-myLogger.py-zzz-日志信息:接口请求期望数据：
2018-03-27 14:22:14,608-INFO-myLogger.py-zzz-日志信息:{"status":0,"code":"20117","data":null,"msg":"请输入范围在0到50万之间的正数金额"}
2018-03-27 14:22:14,610-INFO-myLogger.py-zzz-日志信息:期望结果与实际结果的比对方式：
2018-03-27 14:22:14,612-INFO-myLogger.py-zzz-日志信息:全职匹配模式
2018-03-27 14:22:14,613-INFO-myLogger.py-zzz-日志信息:结果比对成功，测试通过
2018-03-27 14:22:14,615-INFO-myLogger.py-zzz-日志信息:################################执行测试结束#######################
2018-03-27 14:22:14,622-INFO-myLogger.py-zzz-日志信息:################################开始执行测试用例#######################
2018-03-27 14:22:14,623-INFO-myLogger.py-zzz-日志信息:接口请求地址：http://120.79.176.157:8080/futureloan/mvc/api/member/recharge
2018-03-27 14:22:14,625-INFO-myLogger.py-zzz-日志信息:接口请求类型：post
2018-03-27 14:22:14,626-INFO-myLogger.py-zzz-日志信息:接口请求数据：{'mobilephone':'18301565770','amount':'500001'}
2018-03-27 14:22:14,771-INFO-myLogger.py-zzz-日志信息:返回状态码：200
2018-03-27 14:22:14,772-INFO-myLogger.py-zzz-日志信息:接口返回数据：
2018-03-27 14:22:14,774-INFO-myLogger.py-zzz-日志信息:{"status":0,"code":"20117","data":null,"msg":"请输入范围在0到50万之间的正数金额"}
2018-03-27 14:22:14,775-INFO-myLogger.py-zzz-日志信息:接口请求期望数据：
2018-03-27 14:22:14,776-INFO-myLogger.py-zzz-日志信息:{"status":0,"code":"20117","data":null,"msg":"请输入范围在0到50万之间的正数金额"}
2018-03-27 14:22:14,778-INFO-myLogger.py-zzz-日志信息:期望结果与实际结果的比对方式：
2018-03-27 14:22:14,779-INFO-myLogger.py-zzz-日志信息:全职匹配模式
2018-03-27 14:22:14,780-INFO-myLogger.py-zzz-日志信息:结果比对成功，测试通过
2018-03-27 14:22:14,781-INFO-myLogger.py-zzz-日志信息:################################执行测试结束#######################
2018-03-27 14:22:14,787-INFO-myLogger.py-zzz-日志信息:################################开始执行测试用例#######################
2018-03-27 14:22:14,788-INFO-myLogger.py-zzz-日志信息:接口请求地址：http://120.79.176.157:8080/futureloan/mvc/api/member/recharge
2018-03-27 14:22:14,789-INFO-myLogger.py-zzz-日志信息:接口请求类型：post
2018-03-27 14:22:14,791-INFO-myLogger.py-zzz-日志信息:接口请求数据：{'mobilephone':'18301565770','amount':'ss'}
2018-03-27 14:22:14,894-INFO-myLogger.py-zzz-日志信息:返回状态码：200
2018-03-27 14:22:14,895-INFO-myLogger.py-zzz-日志信息:接口返回数据：
2018-03-27 14:22:14,897-INFO-myLogger.py-zzz-日志信息:{"status":0,"code":"20118","data":null,"msg":"请输入数字"}
2018-03-27 14:22:14,898-INFO-myLogger.py-zzz-日志信息:接口请求期望数据：
2018-03-27 14:22:14,899-INFO-myLogger.py-zzz-日志信息:{"status":0,"code":"20118","data":null,"msg":"请输入数字"}
2018-03-27 14:22:14,901-INFO-myLogger.py-zzz-日志信息:期望结果与实际结果的比对方式：
2018-03-27 14:22:14,902-INFO-myLogger.py-zzz-日志信息:全职匹配模式
2018-03-27 14:22:14,903-INFO-myLogger.py-zzz-日志信息:结果比对成功，测试通过
2018-03-27 14:22:14,904-INFO-myLogger.py-zzz-日志信息:################################执行测试结束#######################
2018-03-27 14:22:14,910-INFO-myLogger.py-zzz-日志信息:################################开始执行测试用例#######################
2018-03-27 14:22:14,911-INFO-myLogger.py-zzz-日志信息:接口请求地址：http://120.79.176.157:8080/futureloan/mvc/api/member/withdraw
2018-03-27 14:22:14,913-INFO-myLogger.py-zzz-日志信息:接口请求类型：post
2018-03-27 14:22:14,914-INFO-myLogger.py-zzz-日志信息:接口请求数据：{'mobilephone':'18301565770','amount':'100'}
2018-03-27 14:22:15,029-INFO-myLogger.py-zzz-日志信息:返回状态码：200
2018-03-27 14:22:15,030-INFO-myLogger.py-zzz-日志信息:接口返回数据：
2018-03-27 14:22:15,031-INFO-myLogger.py-zzz-日志信息:{"status":0,"code":"20102","data":null,"msg":"服务器异常"}
2018-03-27 14:22:15,033-INFO-myLogger.py-zzz-日志信息:接口请求期望数据：
2018-03-27 14:22:15,034-INFO-myLogger.py-zzz-日志信息:{"status":0,"code":"20102","data":null,"msg":"服务器异常"}
2018-03-27 14:22:15,035-INFO-myLogger.py-zzz-日志信息:期望结果与实际结果的比对方式：
2018-03-27 14:22:15,036-INFO-myLogger.py-zzz-日志信息:全职匹配模式
2018-03-27 14:22:15,038-INFO-myLogger.py-zzz-日志信息:结果比对成功，测试通过
2018-03-27 14:22:15,039-INFO-myLogger.py-zzz-日志信息:################################执行测试结束#######################
2018-03-27 14:22:15,044-INFO-myLogger.py-zzz-日志信息:################################开始执行测试用例#######################
2018-03-27 14:22:15,046-INFO-myLogger.py-zzz-日志信息:接口请求地址：http://120.79.176.157:8080/futureloan/mvc/api/member/list
2018-03-27 14:22:15,047-INFO-myLogger.py-zzz-日志信息:接口请求类型：get
2018-03-27 14:22:15,049-INFO-myLogger.py-zzz-日志信息:接口请求数据：None
2018-03-27 14:22:15,175-INFO-myLogger.py-zzz-日志信息:返回状态码：200
2018-03-27 14:22:15,177-INFO-myLogger.py-zzz-日志信息:接口返回数据：
2018-03-27 14:22:15,178-INFO-myLogger.py-zzz-日志信息:{"status":1,"code":"10001","data":[{"id":241,"regname":"xiaojian","pwd":"E807F1FCF82D132F9BB018CA6738A19F","mobilephone":"18612340055","leaveamount":"1201.30","type":"1","regtime":"2018-03-26 17:05:54.0"},{"id":242,"regname":"小蜜蜂","pwd":"E807F1FCF82D132F9BB018CA6738A19F","mobilephone":"18612340054","leaveamount":"0.00","type":"1","regtime":"2018-03-26 21:50:32.0"},{"id":243,"regname":"小蜜蜂","pwd":"E807F1FCF82D132F9BB018CA6738A19F","mobilephone":"18612340057","leaveamount":"0.00","type":"1","regtime":"2018-03-26 21:53:13.0"},{"id":244,"regname":"xiaojian","pwd":"E807F1FCF82D132F9BB018CA6738A19F","mobilephone":"18612340058","leaveamount":"600.65","type":"1","regtime":"2018-03-26 21:53:13.0"},{"id":245,"regname":"test","pwd":"7FAC139AF812AFFD701CA799BAED5C9E","mobilephone":"13955776018","leaveamount":"100.00","type":"1","regtime":"2018-03-26 22:01:17.0"},{"id":246,"regname":"小蜜蜂","pwd":"7FAC139AF812AFFD701CA799BAED5C9E","mobilephone":"13955776019","leaveamount":"0.00","type":"1","regtime":"2018-03-26 22:01:17.0"},{"id":247,"regname":"test","pwd":"7FAC139AF812AFFD701CA799BAED5C9E","mobilephone":"13955776020","leaveamount":"100.00","type":"1","regtime":"2018-03-26 22:02:05.0"},{"id":248,"regname":"小蜜蜂","pwd":"7FAC139AF812AFFD701CA799BAED5C9E","mobilephone":"13955776021","leaveamount":"0.00","type":"1","regtime":"2018-03-26 22:02:05.0"},{"id":249,"regname":"test","pwd":"7FAC139AF812AFFD701CA799BAED5C9E","mobilephone":"13955776022","leaveamount":"100.00","type":"1","regtime":"2018-03-26 22:05:16.0"},{"id":250,"regname":"小蜜蜂","pwd":"7FAC139AF812AFFD701CA799BAED5C9E","mobilephone":"13955776023","leaveamount":"0.00","type":"1","regtime":"2018-03-26 22:05:16.0"},{"id":251,"regname":"test","pwd":"7FAC139AF812AFFD701CA799BAED5C9E","mobilephone":"13955776024","leaveamount":"200.00","type":"1","regtime":"2018-03-26 22:06:51.0"},{"id":252,"regname":"小蜜蜂","pwd":"7FAC139AF812AFFD701CA799BAED5C9E","mobilephone":"13955776025","leaveamount":"0.00","type":"1","regtime":"2018-03-26 22:06:51.0"},{"id":253,"regname":"test","pwd":"7FAC139AF812AFFD701CA799BAED5C9E","mobilephone":"13955776026","leaveamount":"100.00","type":"1","regtime":"2018-03-26 22:07:37.0"},{"id":254,"regname":"小蜜蜂","pwd":"7FAC139AF812AFFD701CA799BAED5C9E","mobilephone":"13955776027","leaveamount":"0.00","type":"1","regtime":"2018-03-26 22:07:37.0"},{"id":255,"regname":"test","pwd":"7FAC139AF812AFFD701CA799BAED5C9E","mobilephone":"13955776028","leaveamount":"1202.40","type":"1","regtime":"2018-03-26 22:09:34.0"},{"id":256,"regname":"小蜜蜂","pwd":"7FAC139AF812AFFD701CA799BAED5C9E","mobilephone":"13955776029","leaveamount":"0.00","type":"1","regtime":"2018-03-26 22:09:34.0"},{"id":257,"regname":"test","pwd":"7FAC139AF812AFFD701CA799BAED5C9E","mobilephone":"13955770000","leaveamount":"300.60","type":"1","regtime":"2018-03-26 22:12:32.0"},{"id":258,"regname":"小蜜蜂","pwd":"7FAC139AF812AFFD701CA799BAED5C9E","mobilephone":"13955770001","leaveamount":"0.00","type":"1","regtime":"2018-03-26 22:12:32.0"},{"id":259,"regname":"test","pwd":"7FAC139AF812AFFD701CA799BAED5C9E","mobilephone":"13955770002","leaveamount":"300.60","type":"1","regtime":"2018-03-26 22:15:13.0"},{"id":260,"regname":"小蜜蜂","pwd":"7FAC139AF812AFFD701CA799BAED5C9E","mobilephone":"13955770003","leaveamount":"0.00","type":"1","regtime":"2018-03-26 22:15:13.0"},{"id":261,"regname":"test","pwd":"7FAC139AF812AFFD701CA799BAED5C9E","mobilephone":"13955770004","leaveamount":"300.60","type":"1","regtime":"2018-03-26 22:16:54.0"},{"id":262,"regname":"小蜜蜂","pwd":"7FAC139AF812AFFD701CA799BAED5C9E","mobilephone":"13955770005","leaveamount":"0.00","type":"1","regtime":"2018-03-26 22:16:54.0"},{"id":263,"regname":"test","pwd":"7FAC139AF812AFFD701CA799BAED5C9E","mobilephone":"13955770006","leaveamount":"300.60","type":"1","regtime":"2018-03-26 22:24:23.0"},{"id":264,"regname":"小蜜蜂","pwd":"7FAC139AF812AFFD701CA799BAED5C9E","mobilephone":"13955770007","leaveamount":"0.00","type":"1","regtime":"2018-03-26 22:24:23.0"},{"id":265,"regname":"test","pwd":"7FAC139AF812AFFD701CA799BAED5C9E","mobilephone":"13955770008","leaveamount":"300.60","type":"1","regtime":"2018-03-26 22:44:52.0"},{"id":266,"regname":"小蜜蜂","pwd":"7FAC139AF812AFFD701CA799BAED5C9E","mobilephone":"13955770009","leaveamount":"0.00","type":"1","regtime":"2018-03-26 22:44:52.0"},{"id":267,"regname":"test","pwd":"7FAC139AF812AFFD701CA799BAED5C9E","mobilephone":"13955770010","leaveamount":"300.60","type":"1","regtime":"2018-03-26 22:45:03.0"},{"id":268,"regname":"小蜜蜂","pwd":"7FAC139AF812AFFD701CA799BAED5C9E","mobilephone":"13955770011","leaveamount":"0.00","type":"1","regtime":"2018-03-26 22:45:03.0"},{"id":269,"regname":"test","pwd":"7FAC139AF812AFFD701CA799BAED5C9E","mobilephone":"13955770012","leaveamount":"300.60","type":"1","regtime":"2018-03-26 22:51:17.0"},{"id":270,"regname":"小蜜蜂","pwd":"7FAC139AF812AFFD701CA799BAED5C9E","mobilephone":"13955770013","leaveamount":"0.00","type":"1","regtime":"2018-03-26 22:51:17.0"},{"id":271,"regname":"jasmine","pwd":"E10ADC3949BA59ABBE56E057F20F883E","mobilephone":"13888888816","leaveamount":"0.00","type":"1","regtime":"2018-03-27 10:08:15.0"},{"id":272,"regname":"小蜜蜂","pwd":"E10ADC3949BA59ABBE56E057F20F883E","mobilephone":"13888888817","leaveamount":"0.00","type":"1","regtime":"2018-03-27 10:08:15.0"},{"id":273,"regname":"Lucky","pwd":"7FAC139AF812AFFD701CA799BAED5C9E","mobilephone":"18571230144","leaveamount":"3000.22","type":"1","regtime":"2018-03-27 10:39:08.0"},{"id":274,"regname":"小蜜蜂","pwd":"7FAC139AF812AFFD701CA799BAED5C9E","mobilephone":"18571230145","leaveamount":"0.00","type":"1","regtime":"2018-03-27 10:39:08.0"},{"id":275,"regname":"Lucky","pwd":"7FAC139AF812AFFD701CA799BAED5C9E","mobilephone":"18571230147","leaveamount":"3000.22","type":"1","regtime":"2018-03-27 10:40:41.0"},{"id":276,"regname":"小蜜蜂","pwd":"7FAC139AF812AFFD701CA799BAED5C9E","mobilephone":"18571230148","leaveamount":"0.00","type":"1","regtime":"2018-03-27 10:40:41.0"},{"id":277,"regname":"小蜜蜂","pwd":"E807F1FCF82D132F9BB018CA6738A19F","mobilephone":"18612340060","leaveamount":"0.00","type":"1","regtime":"2018-03-27 10:40:43.0"},{"id":278,"regname":"xiaojian","pwd":"E807F1FCF82D132F9BB018CA6738A19F","mobilephone":"18612340061","leaveamount":"600.65","type":"1","regtime":"2018-03-27 10:40:43.0"},{"id":279,"regname":"小蜜蜂","pwd":"E807F1FCF82D132F9BB018CA6738A19F","mobilephone":"18612340063","leaveamount":"0.00","type":"1","regtime":"2018-03-27 10:44:41.0"},{"id":280,"regname":"xiaojian","pwd":"E807F1FCF82D132F9BB018CA6738A19F","mobilephone":"18612340064","leaveamount":"600.65","type":"1","regtime":"2018-03-27 10:44:41.0"},{"id":281,"regname":"test","pwd":"7FAC139AF812AFFD701CA799BAED5C9E","mobilephone":"13955770014","leaveamount":"300.60","type":"1","regtime":"2018-03-27 11:33:40.0"},{"id":282,"regname":"小蜜蜂","pwd":"7FAC139AF812AFFD701CA799BAED5C9E","mobilephone":"13955770015","leaveamount":"0.00","type":"1","regtime":"2018-03-27 11:33:40.0"},{"id":283,"regname":"test","pwd":"7FAC139AF812AFFD701CA799BAED5C9E","mobilephone":"13955770020","leaveamount":"300.60","type":"1","regtime":"2018-03-27 11:35:42.0"},{"id":284,"regname":"小蜜蜂","pwd":"7FAC139AF812AFFD701CA799BAED5C9E","mobilephone":"13955770021","leaveamount":"0.00","type":"1","regtime":"2018-03-27 11:35:42.0"},{"id":285,"regname":"test","pwd":"7FAC139AF812AFFD701CA799BAED5C9E","mobilephone":"13955770022","leaveamount":"300.60","type":"1","regtime":"2018-03-27 11:38:08.0"},{"id":286,"regname":"小蜜蜂","pwd":"7FAC139AF812AFFD701CA799BAED5C9E","mobilephone":"13955770023","leaveamount":"0.00","type":"1","regtime":"2018-03-27 11:38:08.0"},{"id":287,"regname":"","pwd":"E10ADC3949BA59ABBE56E057F20F883E","mobilephone":"18301565770","leaveamount":"100.11","type":"1","regtime":"2018-03-27 14:22:12.0"},{"id":288,"regname":"æç©º","pwd":"E10ADC3949BA59ABBE56E057F20F883E","mobilephone":"18301565771","leaveamount":"0.00","type":"1","regtime":"2018-03-27 14:22:12.0"}],"msg":"获取用户列表成功"}
2018-03-27 14:22:15,180-INFO-myLogger.py-zzz-日志信息:接口请求期望数据：
2018-03-27 14:22:15,181-INFO-myLogger.py-zzz-日志信息:获取用户列表成功
2018-03-27 14:22:15,183-INFO-myLogger.py-zzz-日志信息:期望结果与实际结果的比对方式：
2018-03-27 14:22:15,184-INFO-myLogger.py-zzz-日志信息:部分匹配模式
2018-03-27 14:22:15,185-INFO-myLogger.py-zzz-日志信息:结果比对成功，测试通过
2018-03-27 14:22:15,186-INFO-myLogger.py-zzz-日志信息:################################执行测试结束#######################
2018-03-27 14:22:15,192-INFO-myLogger.py-zzz-日志信息:################################开始执行测试用例#######################
2018-03-27 14:22:15,193-INFO-myLogger.py-zzz-日志信息:接口请求地址：http://120.79.176.157:8080/futureloan/mvc/api/financelog/getFinanceLogList
2018-03-27 14:22:15,195-INFO-myLogger.py-zzz-日志信息:接口请求类型：post
2018-03-27 14:22:15,196-INFO-myLogger.py-zzz-日志信息:接口请求数据：{'memberId':'$user_id'}
2018-03-27 14:22:15,197-INFO-myLogger.py-zzz-日志信息:动态替换后的请求数据：{'memberId':'287'}
2018-03-27 14:22:15,332-INFO-myLogger.py-zzz-日志信息:返回状态码：200
2018-03-27 14:22:15,333-INFO-myLogger.py-zzz-日志信息:接口返回数据：
2018-03-27 14:22:15,334-INFO-myLogger.py-zzz-日志信息:{"status":1,"code":"10001","data":[],"msg":"获取用户流水记录成功！"}
2018-03-27 14:22:15,335-INFO-myLogger.py-zzz-日志信息:接口请求期望数据：
2018-03-27 14:22:15,335-INFO-myLogger.py-zzz-日志信息:{"status":1,"code":"10001","data":[],"msg":"获取用户流水记录成功！"}
2018-03-27 14:22:15,336-INFO-myLogger.py-zzz-日志信息:期望结果与实际结果的比对方式：
2018-03-27 14:22:15,336-INFO-myLogger.py-zzz-日志信息:全职匹配模式
2018-03-27 14:22:15,337-INFO-myLogger.py-zzz-日志信息:结果比对成功，测试通过
2018-03-27 14:22:15,338-INFO-myLogger.py-zzz-日志信息:################################执行测试结束#######################
2018-03-27 14:22:15,339-INFO-myLogger.py-zzz-日志信息:测试结束修改初始数据
2018-03-27 14:22:15,340-INFO-myLogger.py-zzz-日志信息:配置数据{'$init_phone': '18301565770', '$phone1': '18301565772', '$phone$': 'None', '$phone': '18301565771'}
2018-03-27 14:22:15,340-INFO-myLogger.py-zzz-日志信息:测试结束关闭文件
